12:14:53 **** Build of project test_AES_bsp ****
make -k all 
cp -f microblaze_0/lib/libxil_init.a microblaze_0/lib/libxil.a
"Running Make include in microblaze_0/libsrc/bram_v4_0/src"
make -C microblaze_0/libsrc/bram_v4_0/src -s include -e "SHELL=CMD" "COMPILER=mb-gcc" "ARCHIVER=mb-ar" "COMPILER_FLAGS= -O2 -c -mcpu=v9.3 -mhard-float -mlittle-endian -mno-xl-soft-div -mno-xl-soft-mul -mxl-barrel-shift" "EXTRA_COMPILER_FLAGS=-g -ffunction-sections -fdata-sections"
"Running Make include in microblaze_0/libsrc/cpu_v2_0/src"
make -C microblaze_0/libsrc/cpu_v2_0/src -s include -e "SHELL=CMD" "COMPILER=mb-gcc" "ARCHIVER=mb-ar" "COMPILER_FLAGS= -O2 -c -mcpu=v9.3 -mhard-float -mlittle-endian -mno-xl-soft-div -mno-xl-soft-mul -mxl-barrel-shift" "EXTRA_COMPILER_FLAGS=-g -ffunction-sections -fdata-sections"
"Running Make include in microblaze_0/libsrc/intc_v3_0/src"
make -C microblaze_0/libsrc/intc_v3_0/src -s include -e "SHELL=CMD" "COMPILER=mb-gcc" "ARCHIVER=mb-ar" "COMPILER_FLAGS= -O2 -c -mcpu=v9.3 -mhard-float -mlittle-endian -mno-xl-soft-div -mno-xl-soft-mul -mxl-barrel-shift" "EXTRA_COMPILER_FLAGS=-g -ffunction-sections -fdata-sections"
"Running Make include in microblaze_0/libsrc/standalone_v4_0/src"
make -C microblaze_0/libsrc/standalone_v4_0/src -s include -e "SHELL=CMD" "COMPILER=mb-gcc" "ARCHIVER=mb-ar" "COMPILER_FLAGS= -O2 -c -mcpu=v9.3 -mhard-float -mlittle-endian -mno-xl-soft-div -mno-xl-soft-mul -mxl-barrel-shift" "EXTRA_COMPILER_FLAGS=-g -ffunction-sections -fdata-sections"
make[2]: Entering directory `C:/Ublaze/Projeto_Caio/tutorial_ug940-AES_Crypto/test_AES_bsp/microblaze_0/libsrc/standalone_v4_0/src/profile'
cp -rf profile.h mblaze_nt_types.h _profile_timer_hw.h ../../../../include
make[2]: Leaving directory `C:/Ublaze/Projeto_Caio/tutorial_ug940-AES_Crypto/test_AES_bsp/microblaze_0/libsrc/standalone_v4_0/src/profile'
"Running Make include in microblaze_0/libsrc/tmrctr_v3_0/src"
make -C microblaze_0/libsrc/tmrctr_v3_0/src -s include -e "SHELL=CMD" "COMPILER=mb-gcc" "ARCHIVER=mb-ar" "COMPILER_FLAGS= -O2 -c -mcpu=v9.3 -mhard-float -mlittle-endian -mno-xl-soft-div -mno-xl-soft-mul -mxl-barrel-shift" "EXTRA_COMPILER_FLAGS=-g -ffunction-sections -fdata-sections"
"Running Make include in microblaze_0/libsrc/uartlite_v3_0/src"
make -C microblaze_0/libsrc/uartlite_v3_0/src -s include -e "SHELL=CMD" "COMPILER=mb-gcc" "ARCHIVER=mb-ar" "COMPILER_FLAGS= -O2 -c -mcpu=v9.3 -mhard-float -mlittle-endian -mno-xl-soft-div -mno-xl-soft-mul -mxl-barrel-shift" "EXTRA_COMPILER_FLAGS=-g -ffunction-sections -fdata-sections"
"Running Make libs in microblaze_0/libsrc/bram_v4_0/src"
make -C microblaze_0/libsrc/bram_v4_0/src -s libs -e "SHELL=CMD" "COMPILER=mb-gcc" "ARCHIVER=mb-ar" "COMPILER_FLAGS= -O2 -c -mcpu=v9.3 -mhard-float -mlittle-endian -mno-xl-soft-div -mno-xl-soft-mul -mxl-barrel-shift" "EXTRA_COMPILER_FLAGS=-g -ffunction-sections -fdata-sections"
"Compiling bram"
make[2]: Entering directory `C:/Ublaze/Projeto_Caio/tutorial_ug940-AES_Crypto/test_AES_bsp/microblaze_0/libsrc/bram_v4_0/src'
rm -rf *.o 
make[2]: Leaving directory `C:/Ublaze/Projeto_Caio/tutorial_ug940-AES_Crypto/test_AES_bsp/microblaze_0/libsrc/bram_v4_0/src'
"Running Make libs in microblaze_0/libsrc/cpu_v2_0/src"
make -C microblaze_0/libsrc/cpu_v2_0/src -s libs -e "SHELL=CMD" "COMPILER=mb-gcc" "ARCHIVER=mb-ar" "COMPILER_FLAGS= -O2 -c -mcpu=v9.3 -mhard-float -mlittle-endian -mno-xl-soft-div -mno-xl-soft-mul -mxl-barrel-shift" "EXTRA_COMPILER_FLAGS=-g -ffunction-sections -fdata-sections"
"Compiling cpu"
make[2]: Entering directory `C:/Ublaze/Projeto_Caio/tutorial_ug940-AES_Crypto/test_AES_bsp/microblaze_0/libsrc/cpu_v2_0/src'
rm -rf *.o
make[2]: Leaving directory `C:/Ublaze/Projeto_Caio/tutorial_ug940-AES_Crypto/test_AES_bsp/microblaze_0/libsrc/cpu_v2_0/src'
"Running Make libs in microblaze_0/libsrc/intc_v3_0/src"
make -C microblaze_0/libsrc/intc_v3_0/src -s libs -e "SHELL=CMD" "COMPILER=mb-gcc" "ARCHIVER=mb-ar" "COMPILER_FLAGS= -O2 -c -mcpu=v9.3 -mhard-float -mlittle-endian -mno-xl-soft-div -mno-xl-soft-mul -mxl-barrel-shift" "EXTRA_COMPILER_FLAGS=-g -ffunction-sections -fdata-sections"
"Compiling intc"
make[2]: Entering directory `C:/Ublaze/Projeto_Caio/tutorial_ug940-AES_Crypto/test_AES_bsp/microblaze_0/libsrc/intc_v3_0/src'
rm -rf *.o 
make[2]: Leaving directory `C:/Ublaze/Projeto_Caio/tutorial_ug940-AES_Crypto/test_AES_bsp/microblaze_0/libsrc/intc_v3_0/src'
"Running Make libs in microblaze_0/libsrc/standalone_v4_0/src"
make -C microblaze_0/libsrc/standalone_v4_0/src -s libs -e "SHELL=CMD" "COMPILER=mb-gcc" "ARCHIVER=mb-ar" "COMPILER_FLAGS= -O2 -c -mcpu=v9.3 -mhard-float -mlittle-endian -mno-xl-soft-div -mno-xl-soft-mul -mxl-barrel-shift" "EXTRA_COMPILER_FLAGS=-g -ffunction-sections -fdata-sections"
"Compiling standalone";
"Running Make libs in microblaze_0/libsrc/tmrctr_v3_0/src"
make -C microblaze_0/libsrc/tmrctr_v3_0/src -s libs -e "SHELL=CMD" "COMPILER=mb-gcc" "ARCHIVER=mb-ar" "COMPILER_FLAGS= -O2 -c -mcpu=v9.3 -mhard-float -mlittle-endian -mno-xl-soft-div -mno-xl-soft-mul -mxl-barrel-shift" "EXTRA_COMPILER_FLAGS=-g -ffunction-sections -fdata-sections"
"Compiling tmrctr"
make[2]: Entering directory `C:/Ublaze/Projeto_Caio/tutorial_ug940-AES_Crypto/test_AES_bsp/microblaze_0/libsrc/tmrctr_v3_0/src'
rm -rf *.o 
make[2]: Leaving directory `C:/Ublaze/Projeto_Caio/tutorial_ug940-AES_Crypto/test_AES_bsp/microblaze_0/libsrc/tmrctr_v3_0/src'
"Running Make libs in microblaze_0/libsrc/uartlite_v3_0/src"
make -C microblaze_0/libsrc/uartlite_v3_0/src -s libs -e "SHELL=CMD" "COMPILER=mb-gcc" "ARCHIVER=mb-ar" "COMPILER_FLAGS= -O2 -c -mcpu=v9.3 -mhard-float -mlittle-endian -mno-xl-soft-div -mno-xl-soft-mul -mxl-barrel-shift" "EXTRA_COMPILER_FLAGS=-g -ffunction-sections -fdata-sections"
"Compiling uartlite"
make[2]: Entering directory `C:/Ublaze/Projeto_Caio/tutorial_ug940-AES_Crypto/test_AES_bsp/microblaze_0/libsrc/uartlite_v3_0/src'
rm -rf *.o 
make[2]: Leaving directory `C:/Ublaze/Projeto_Caio/tutorial_ug940-AES_Crypto/test_AES_bsp/microblaze_0/libsrc/uartlite_v3_0/src'
'Finished building libraries'
12:15:03 **** Build of configuration Debug for project test_AES ****
make all 
'Building file: ../src/testperiph.c'
'Invoking: MicroBlaze gcc compiler'
mb-gcc -Wall -O0 -g3 -c -fmessage-length=0 -I../../test_AES_bsp/microblaze_0/include -mlittle-endian -mxl-barrel-shift -mno-xl-soft-div -mcpu=v9.3 -mno-xl-soft-mul -mhard-float -Wl,--no-relax -ffunction-sections -fdata-sections -MMD -MP -MF"src/testperiph.d" -MT"src/testperiph.d" -o "src/testperiph.o" "../src/testperiph.c"
'Finished building: ../src/testperiph.c'
' '
'Building file: ../src/xintc_tapp_example.c'
'Invoking: MicroBlaze gcc compiler'
mb-gcc -Wall -O0 -g3 -c -fmessage-length=0 -I../../test_AES_bsp/microblaze_0/include -mlittle-endian -mxl-barrel-shift -mno-xl-soft-div -mcpu=v9.3 -mno-xl-soft-mul -mhard-float -Wl,--no-relax -ffunction-sections -fdata-sections -MMD -MP -MF"src/xintc_tapp_example.d" -MT"src/xintc_tapp_example.d" -o "src/xintc_tapp_example.o" "../src/xintc_tapp_example.c"
'Finished building: ../src/xintc_tapp_example.c'
' '
'Building file: ../src/xtmrctr_intr_example.c'
'Invoking: MicroBlaze gcc compiler'
mb-gcc -Wall -O0 -g3 -c -fmessage-length=0 -I../../test_AES_bsp/microblaze_0/include -mlittle-endian -mxl-barrel-shift -mno-xl-soft-div -mcpu=v9.3 -mno-xl-soft-mul -mhard-float -Wl,--no-relax -ffunction-sections -fdata-sections -MMD -MP -MF"src/xtmrctr_intr_example.d" -MT"src/xtmrctr_intr_example.d" -o "src/xtmrctr_intr_example.o" "../src/xtmrctr_intr_example.c"
'Finished building: ../src/xtmrctr_intr_example.c'
' '
'Building file: ../src/xtmrctr_selftest_example.c'
'Invoking: MicroBlaze gcc compiler'
mb-gcc -Wall -O0 -g3 -c -fmessage-length=0 -I../../test_AES_bsp/microblaze_0/include -mlittle-endian -mxl-barrel-shift -mno-xl-soft-div -mcpu=v9.3 -mno-xl-soft-mul -mhard-float -Wl,--no-relax -ffunction-sections -fdata-sections -MMD -MP -MF"src/xtmrctr_selftest_example.d" -MT"src/xtmrctr_selftest_example.d" -o "src/xtmrctr_selftest_example.o" "../src/xtmrctr_selftest_example.c"
'Finished building: ../src/xtmrctr_selftest_example.c'
' '
'Building target: test_AES.elf'
'Invoking: MicroBlaze gcc linker'
mb-gcc -Wl,-T -Wl,../src/lscript.ld -L../../test_AES_bsp/microblaze_0/lib -mlittle-endian -mxl-barrel-shift -mno-xl-soft-div -mcpu=v9.3 -mno-xl-soft-mul -mhard-float -Wl,--no-relax -Wl,--gc-sections -o "test_AES.elf"  ./src/testperiph.o ./src/xintc_tapp_example.o ./src/xtmrctr_intr_example.o ./src/xtmrctr_selftest_example.o   -Wl,--start-group,-lxil,-lgcc,-lc,--end-group
'Finished building target: test_AES.elf'
' '
'Invoking: MicroBlaze Print Size'
mb-size test_AES.elf  |tee "test_AES.elf.size"
   text	   data	    bss	    dec	    hex	filename
   9360	    330	   2326	  12016	   2ef0	test_AES.elf
'Finished building: test_AES.elf.size'
' '
18:16:05 **** Clean-only build of configuration Debug for project test_AES ****
make clean 
rm -rf  ./src/testperiph.o ./src/xintc_tapp_example.o ./src/xtmrctr_intr_example.o ./src/xtmrctr_selftest_example.o  ./src/testperiph.d ./src/xintc_tapp_example.d ./src/xtmrctr_intr_example.d ./src/xtmrctr_selftest_example.d  test_AES.elf.size  test_AES.elf
' '
18:16:06 **** Auto Build of configuration Debug for project test_AES ****
make all 
'Building file: ../src/test_code.c'
'Invoking: MicroBlaze gcc compiler'
mb-gcc -Wall -O0 -g3 -c -fmessage-length=0 -I../../test_AES_bsp/microblaze_0/include -mlittle-endian -mxl-barrel-shift -mno-xl-soft-div -mcpu=v9.3 -mno-xl-soft-mul -mhard-float -Wl,--no-relax -ffunction-sections -fdata-sections -MMD -MP -MF"src/test_code.d" -MT"src/test_code.d" -o "src/test_code.o" "../src/test_code.c"
'Finished building: ../src/test_code.c'
' '
'Building file: ../src/testperiph.c'
'Invoking: MicroBlaze gcc compiler'
mb-gcc -Wall -O0 -g3 -c -fmessage-length=0 -I../../test_AES_bsp/microblaze_0/include -mlittle-endian -mxl-barrel-shift -mno-xl-soft-div -mcpu=v9.3 -mno-xl-soft-mul -mhard-float -Wl,--no-relax -ffunction-sections -fdata-sections -MMD -MP -MF"src/testperiph.d" -MT"src/testperiph.d" -o "src/testperiph.o" "../src/testperiph.c"
'Finished building: ../src/testperiph.c'
' '
'Building file: ../src/xintc_tapp_example.c'
'Invoking: MicroBlaze gcc compiler'
mb-gcc -Wall -O0 -g3 -c -fmessage-length=0 -I../../test_AES_bsp/microblaze_0/include -mlittle-endian -mxl-barrel-shift -mno-xl-soft-div -mcpu=v9.3 -mno-xl-soft-mul -mhard-float -Wl,--no-relax -ffunction-sections -fdata-sections -MMD -MP -MF"src/xintc_tapp_example.d" -MT"src/xintc_tapp_example.d" -o "src/xintc_tapp_example.o" "../src/xintc_tapp_example.c"
'Finished building: ../src/xintc_tapp_example.c'
' '
'Building file: ../src/xtmrctr_intr_example.c'
'Invoking: MicroBlaze gcc compiler'
mb-gcc -Wall -O0 -g3 -c -fmessage-length=0 -I../../test_AES_bsp/microblaze_0/include -mlittle-endian -mxl-barrel-shift -mno-xl-soft-div -mcpu=v9.3 -mno-xl-soft-mul -mhard-float -Wl,--no-relax -ffunction-sections -fdata-sections -MMD -MP -MF"src/xtmrctr_intr_example.d" -MT"src/xtmrctr_intr_example.d" -o "src/xtmrctr_intr_example.o" "../src/xtmrctr_intr_example.c"
'Finished building: ../src/xtmrctr_intr_example.c'
' '
'Building file: ../src/xtmrctr_selftest_example.c'
'Invoking: MicroBlaze gcc compiler'
mb-gcc -Wall -O0 -g3 -c -fmessage-length=0 -I../../test_AES_bsp/microblaze_0/include -mlittle-endian -mxl-barrel-shift -mno-xl-soft-div -mcpu=v9.3 -mno-xl-soft-mul -mhard-float -Wl,--no-relax -ffunction-sections -fdata-sections -MMD -MP -MF"src/xtmrctr_selftest_example.d" -MT"src/xtmrctr_selftest_example.d" -o "src/xtmrctr_selftest_example.o" "../src/xtmrctr_selftest_example.c"
'Finished building: ../src/xtmrctr_selftest_example.c'
' '
'Building target: test_AES.elf'
'Invoking: MicroBlaze gcc linker'
mb-gcc -Wl,-T -Wl,../src/lscript.ld -L../../test_AES_bsp/microblaze_0/lib -mlittle-endian -mxl-barrel-shift -mno-xl-soft-div -mcpu=v9.3 -mno-xl-soft-mul -mhard-float -Wl,--no-relax -Wl,--gc-sections -o "test_AES.elf"  ./src/test_code.o ./src/testperiph.o ./src/xintc_tapp_example.o ./src/xtmrctr_intr_example.o ./src/xtmrctr_selftest_example.o   -Wl,--start-group,-lxil,-lgcc,-lc,--end-group
'Finished building target: test_AES.elf'
' '
'Invoking: MicroBlaze Print Size'
mb-size test_AES.elf  |tee "test_AES.elf.size"
   text	   data	    bss	    dec	    hex	filename
   9160	    330	   2326	  11816	   2e28	test_AES.elf
'Finished building: test_AES.elf.size'
' '
'Invoking: Xilinx ELF Check'
elfcheck test_AES.elf  |tee "test_AES.elf.elfcheck"
elfcheck
Xilinx EDK 14.7 Build EDK_P.20131013
Copyright (c) 1995-2012 Xilinx, Inc.  All rights reserved.

Command Line: elfcheck test_AES.elf 

ERROR:EDK:1228 - Expecting processor instance name! Please specify the processor
   name for which the ELF file is compiled using -pe option.
'Finished building: test_AES.elf.elfcheck'
' '
18:17:15 **** Auto Build of configuration Debug for project test_AES ****
make all 
'Building file: ../src/test_code.c'
'Invoking: MicroBlaze gcc compiler'
mb-gcc -Wall -O0 -g3 -c -fmessage-length=0 -I../../test_AES_bsp/microblaze_0/include -mlittle-endian -mxl-barrel-shift -mno-xl-soft-div -mcpu=v9.3 -mno-xl-soft-mul -mhard-float -Wl,--no-relax -ffunction-sections -fdata-sections -MMD -MP -MF"src/test_code.d" -MT"src/test_code.d" -o "src/test_code.o" "../src/test_code.c"
../src/test_code.c: In function 'main':
../src/test_code.c:15:2: warning: 'return' with no value, in function returning non-void [-Wreturn-type]
'Finished building: ../src/test_code.c'
' '
'Building target: test_AES.elf'
'Invoking: MicroBlaze gcc linker'
mb-gcc -Wl,-T -Wl,../src/lscript.ld -L../../test_AES_bsp/microblaze_0/lib -mlittle-endian -mxl-barrel-shift -mno-xl-soft-div -mcpu=v9.3 -mno-xl-soft-mul -mhard-float -Wl,--no-relax -Wl,--gc-sections -o "test_AES.elf"  ./src/test_code.o ./src/testperiph.o ./src/xintc_tapp_example.o ./src/xtmrctr_intr_example.o ./src/xtmrctr_selftest_example.o   -Wl,--start-group,-lxil,-lgcc,-lc,--end-group
./src/testperiph.o: In function `main':
C:\Ublaze\Projeto_Caio\tutorial_ug940-AES_Crypto\test_AES\Debug/../src/testperiph.c:39: multiple definition of `main'
./src/test_code.o:C:\Ublaze\Projeto_Caio\tutorial_ug940-AES_Crypto\test_AES\Debug/../src/test_code.c:12: first defined here
collect2: ld returned 1 exit status
make: *** [test_AES.elf] Error 1
18:18:40 **** Clean-only build of configuration Debug for project test_AES ****
make clean 
rm -rf  ./src/test_code.o ./src/testperiph.o ./src/xintc_tapp_example.o ./src/xtmrctr_intr_example.o ./src/xtmrctr_selftest_example.o  ./src/test_code.d ./src/testperiph.d ./src/xintc_tapp_example.d ./src/xtmrctr_intr_example.d ./src/xtmrctr_selftest_example.d  test_AES.elf.size  test_AES.elf.elfcheck  test_AES.elf
' '
18:18:40 **** Auto Build of configuration Debug for project test_AES ****
make all 
'Building file: ../src/test_code.c'
'Invoking: MicroBlaze gcc compiler'
mb-gcc -Wall -O0 -g3 -c -fmessage-length=0 -I../../test_AES_bsp/microblaze_0/include -mlittle-endian -mxl-barrel-shift -mno-xl-soft-div -mcpu=v9.3 -mno-xl-soft-mul -mhard-float -Wl,--no-relax -ffunction-sections -fdata-sections -MMD -MP -MF"src/test_code.d" -MT"src/test_code.d" -o "src/test_code.o" "../src/test_code.c"
../src/test_code.c: In function 'main':
../src/test_code.c:15:2: warning: 'return' with no value, in function returning non-void [-Wreturn-type]
'Finished building: ../src/test_code.c'
' '
'Building file: ../src/xintc_tapp_example.c'
'Invoking: MicroBlaze gcc compiler'
mb-gcc -Wall -O0 -g3 -c -fmessage-length=0 -I../../test_AES_bsp/microblaze_0/include -mlittle-endian -mxl-barrel-shift -mno-xl-soft-div -mcpu=v9.3 -mno-xl-soft-mul -mhard-float -Wl,--no-relax -ffunction-sections -fdata-sections -MMD -MP -MF"src/xintc_tapp_example.d" -MT"src/xintc_tapp_example.d" -o "src/xintc_tapp_example.o" "../src/xintc_tapp_example.c"
'Finished building: ../src/xintc_tapp_example.c'
' '
'Building file: ../src/xtmrctr_intr_example.c'
'Invoking: MicroBlaze gcc compiler'
mb-gcc -Wall -O0 -g3 -c -fmessage-length=0 -I../../test_AES_bsp/microblaze_0/include -mlittle-endian -mxl-barrel-shift -mno-xl-soft-div -mcpu=v9.3 -mno-xl-soft-mul -mhard-float -Wl,--no-relax -ffunction-sections -fdata-sections -MMD -MP -MF"src/xtmrctr_intr_example.d" -MT"src/xtmrctr_intr_example.d" -o "src/xtmrctr_intr_example.o" "../src/xtmrctr_intr_example.c"
'Finished building: ../src/xtmrctr_intr_example.c'
' '
'Building file: ../src/xtmrctr_selftest_example.c'
'Invoking: MicroBlaze gcc compiler'
mb-gcc -Wall -O0 -g3 -c -fmessage-length=0 -I../../test_AES_bsp/microblaze_0/include -mlittle-endian -mxl-barrel-shift -mno-xl-soft-div -mcpu=v9.3 -mno-xl-soft-mul -mhard-float -Wl,--no-relax -ffunction-sections -fdata-sections -MMD -MP -MF"src/xtmrctr_selftest_example.d" -MT"src/xtmrctr_selftest_example.d" -o "src/xtmrctr_selftest_example.o" "../src/xtmrctr_selftest_example.c"
'Finished building: ../src/xtmrctr_selftest_example.c'
' '
'Building target: test_AES.elf'
'Invoking: MicroBlaze gcc linker'
mb-gcc -Wl,-T -Wl,../src/lscript.ld -L../../test_AES_bsp/microblaze_0/lib -mlittle-endian -mxl-barrel-shift -mno-xl-soft-div -mcpu=v9.3 -mno-xl-soft-mul -mhard-float -Wl,--no-relax -Wl,--gc-sections -o "test_AES.elf"  ./src/test_code.o ./src/xintc_tapp_example.o ./src/xtmrctr_intr_example.o ./src/xtmrctr_selftest_example.o   -Wl,--start-group,-lxil,-lgcc,-lc,--end-group
'Finished building target: test_AES.elf'
' '
'Invoking: MicroBlaze Print Size'
mb-size test_AES.elf  |tee "test_AES.elf.size"
   text	   data	    bss	    dec	    hex	filename
  74348	   1484	   2168	  78000	  130b0	test_AES.elf
'Finished building: test_AES.elf.size'
' '
'Invoking: Xilinx ELF Check'
elfcheck test_AES.elf  |tee "test_AES.elf.elfcheck"
elfcheck
Xilinx EDK 14.7 Build EDK_P.20131013
Copyright (c) 1995-2012 Xilinx, Inc.  All rights reserved.

Command Line: elfcheck test_AES.elf 

ERROR:EDK:1228 - Expecting processor instance name! Please specify the processor
   name for which the ELF file is compiled using -pe option.
'Finished building: test_AES.elf.elfcheck'
' '
18:19:09 **** Clean-only build of configuration Debug for project test_AES ****
make clean 
rm -rf  ./src/test_code.o ./src/xintc_tapp_example.o ./src/xtmrctr_intr_example.o ./src/xtmrctr_selftest_example.o  ./src/test_code.d ./src/xintc_tapp_example.d ./src/xtmrctr_intr_example.d ./src/xtmrctr_selftest_example.d  test_AES.elf.size  test_AES.elf.elfcheck  test_AES.elf
' '
18:19:10 **** Auto Build of configuration Debug for project test_AES ****
make all 
'Building file: ../src/test_code.c'
'Invoking: MicroBlaze gcc compiler'
mb-gcc -Wall -O0 -g3 -c -fmessage-length=0 -I../../test_AES_bsp/microblaze_0/include -mlittle-endian -mxl-barrel-shift -mno-xl-soft-div -mcpu=v9.3 -mno-xl-soft-mul -mhard-float -Wl,--no-relax -ffunction-sections -fdata-sections -MMD -MP -MF"src/test_code.d" -MT"src/test_code.d" -o "src/test_code.o" "../src/test_code.c"
../src/test_code.c: In function 'main':
../src/test_code.c:15:2: warning: 'return' with no value, in function returning non-void [-Wreturn-type]
'Finished building: ../src/test_code.c'
' '
'Building target: test_AES.elf'
'Invoking: MicroBlaze gcc linker'
mb-gcc -Wl,-T -Wl,../src/lscript.ld -L../../test_AES_bsp/microblaze_0/lib -mlittle-endian -mxl-barrel-shift -mno-xl-soft-div -mcpu=v9.3 -mno-xl-soft-mul -mhard-float -Wl,--no-relax -Wl,--gc-sections -o "test_AES.elf"  ./src/test_code.o   -Wl,--start-group,-lxil,-lgcc,-lc,--end-group
'Finished building target: test_AES.elf'
' '
'Invoking: MicroBlaze Print Size'
mb-size test_AES.elf  |tee "test_AES.elf.size"
   text	   data	    bss	    dec	    hex	filename
  74348	   1484	   2168	  78000	  130b0	test_AES.elf
'Finished building: test_AES.elf.size'
' '
'Invoking: Xilinx ELF Check'
elfcheck test_AES.elf  |tee "test_AES.elf.elfcheck"
elfcheck
Xilinx EDK 14.7 Build EDK_P.20131013
Copyright (c) 1995-2012 Xilinx, Inc.  All rights reserved.

Command Line: elfcheck test_AES.elf 

ERROR:EDK:1228 - Expecting processor instance name! Please specify the processor
   name for which the ELF file is compiled using -pe option.
'Finished building: test_AES.elf.elfcheck'
' '
18:26:13 **** Clean-only build of configuration Debug for project test_AES ****
make clean 
rm -rf  ./src/test_code.o  ./src/test_code.d  test_AES.elf.size  test_AES.elf.elfcheck  test_AES.elf
' '
18:26:13 **** Auto Build of configuration Debug for project test_AES ****
make all 
'Building file: ../src/test_code.c'
'Invoking: MicroBlaze gcc compiler'
mb-gcc -Wall -O0 -g3 -c -fmessage-length=0 -I../../test_AES_bsp/microblaze_0/include -mlittle-endian -mxl-barrel-shift -mno-xl-soft-div -mcpu=v9.3 -mno-xl-soft-mul -mhard-float -Wl,--no-relax -ffunction-sections -fdata-sections -MMD -MP -MF"src/test_code.d" -MT"src/test_code.d" -o "src/test_code.o" "../src/test_code.c"
../src/test_code.c: In function 'main':
../src/test_code.c:15:2: warning: 'return' with no value, in function returning non-void [-Wreturn-type]
'Finished building: ../src/test_code.c'
' '
'Building target: test_AES.elf'
'Invoking: MicroBlaze gcc linker'
mb-gcc -Wl,-T -Wl,../src/lscript.ld -L../../test_AES_bsp/microblaze_0/lib -mlittle-endian -mxl-barrel-shift -mno-xl-soft-div -mcpu=v9.3 -mno-xl-soft-mul -mhard-float -Wl,--no-relax -Wl,--gc-sections -o "test_AES.elf"  ./src/test_code.o   -Wl,--start-group,-lxil,-lgcc,-lc,--end-group
'Finished building target: test_AES.elf'
' '
'Invoking: MicroBlaze Print Size'
mb-size test_AES.elf  |tee "test_AES.elf.size"
   text	   data	    bss	    dec	    hex	filename
  74348	   1484	   2168	  78000	  130b0	test_AES.elf
'Finished building: test_AES.elf.size'
' '
'Invoking: Xilinx ELF Check'
elfcheck test_AES.elf  |tee "test_AES.elf.elfcheck"
elfcheck
Xilinx EDK 14.7 Build EDK_P.20131013
Copyright (c) 1995-2012 Xilinx, Inc.  All rights reserved.

Command Line: elfcheck test_AES.elf 

ERROR:EDK:1228 - Expecting processor instance name! Please specify the processor
   name for which the ELF file is compiled using -pe option.
'Finished building: test_AES.elf.elfcheck'
' '
18:50:40 **** Clean-only build of configuration Debug for project test_AES ****
make clean 
rm -rf  ./src/test_code.o  ./src/test_code.d  test_AES.elf.size  test_AES.elf.elfcheck  test_AES.elf
' '
18:50:40 **** Auto Build of configuration Debug for project test_AES ****
make all 
'Building file: ../src/test_code.c'
'Invoking: MicroBlaze gcc compiler'
mb-gcc -Wall -O0 -g3 -c -fmessage-length=0 -I../../test_AES_bsp/microblaze_0/include -mlittle-endian -mxl-barrel-shift -mno-xl-soft-div -mcpu=v9.3 -mno-xl-soft-mul -mhard-float -Wl,--no-relax -ffunction-sections -fdata-sections -MMD -MP -MF"src/test_code.d" -MT"src/test_code.d" -o "src/test_code.o" "../src/test_code.c"
../src/test_code.c: In function 'main':
../src/test_code.c:15:2: warning: 'return' with no value, in function returning non-void [-Wreturn-type]
'Finished building: ../src/test_code.c'
' '
'Building target: test_AES.elf'
'Invoking: MicroBlaze gcc linker'
mb-gcc -Wl,-T -Wl,../src/lscript.ld -L../../test_AES_bsp/microblaze_0/lib -mlittle-endian -mxl-barrel-shift -mno-xl-soft-div -mcpu=v9.3 -mno-xl-soft-mul -mhard-float -Wl,--no-relax -Wl,--gc-sections -o "test_AES.elf"  ./src/test_code.o   -Wl,--start-group,-lxil,-lgcc,-lc,--end-group
'Finished building target: test_AES.elf'
' '
'Invoking: MicroBlaze Print Size'
mb-size test_AES.elf  |tee "test_AES.elf.size"
   text	   data	    bss	    dec	    hex	filename
  74348	   1484	   2168	  78000	  130b0	test_AES.elf
'Finished building: test_AES.elf.size'
' '
'Invoking: Xilinx ELF Check'
elfcheck test_AES.elf  |tee "test_AES.elf.elfcheck"
elfcheck
Xilinx EDK 14.7 Build EDK_P.20131013
Copyright (c) 1995-2012 Xilinx, Inc.  All rights reserved.

Command Line: elfcheck test_AES.elf 

ERROR:EDK:1228 - Expecting processor instance name! Please specify the processor
   name for which the ELF file is compiled using -pe option.
'Finished building: test_AES.elf.elfcheck'
' '
18:58:45 **** Auto Build of project test_AES_bsp ****
make -k all 
"Running Make include in microblaze_0/libsrc/bram_v4_0/src"
make -C microblaze_0/libsrc/bram_v4_0/src -s include -e "SHELL=sh.exe" "COMPILER=mb-gcc" "ARCHIVER=mb-ar" "COMPILER_FLAGS= -O2 -c -mcpu=v9.3 -mhard-float -mlittle-endian -mno-xl-soft-div -mno-xl-soft-mul -mxl-barrel-shift" "EXTRA_COMPILER_FLAGS=-g -ffunction-sections -fdata-sections"
make: Interrupt/Exception caught (code = 0xc0000005, addr = 0x41c03d)
make: *** [microblaze_0/libsrc/bram_v4_0/src/make.include] Error 255
"Running Make include in microblaze_0/libsrc/cpu_v2_0/src"
make -C microblaze_0/libsrc/cpu_v2_0/src -s include -e "SHELL=sh.exe" "COMPILER=mb-gcc" "ARCHIVER=mb-ar" "COMPILER_FLAGS= -O2 -c -mcpu=v9.3 -mhard-float -mlittle-endian -mno-xl-soft-div -mno-xl-soft-mul -mxl-barrel-shift" "EXTRA_COMPILER_FLAGS=-g -ffunction-sections -fdata-sections"
make: Interrupt/Exception caught (code = 0xc0000005, addr = 0x41c03d)
make: *** [microblaze_0/libsrc/cpu_v2_0/src/make.include] Error 255
"Running Make include in microblaze_0/libsrc/intc_v3_0/src"
make -C microblaze_0/libsrc/intc_v3_0/src -s include -e "SHELL=sh.exe" "COMPILER=mb-gcc" "ARCHIVER=mb-ar" "COMPILER_FLAGS= -O2 -c -mcpu=v9.3 -mhard-float -mlittle-endian -mno-xl-soft-div -mno-xl-soft-mul -mxl-barrel-shift" "EXTRA_COMPILER_FLAGS=-g -ffunction-sections -fdata-sections"
make: Interrupt/Exception caught (code = 0xc0000005, addr = 0x41c03d)
make: *** [microblaze_0/libsrc/intc_v3_0/src/make.include] Error 255
"Running Make include in microblaze_0/libsrc/standalone_v4_0/src"
make -C microblaze_0/libsrc/standalone_v4_0/src -s include -e "SHELL=sh.exe" "COMPILER=mb-gcc" "ARCHIVER=mb-ar" "COMPILER_FLAGS= -O2 -c -mcpu=v9.3 -mhard-float -mlittle-endian -mno-xl-soft-div -mno-xl-soft-mul -mxl-barrel-shift" "EXTRA_COMPILER_FLAGS=-g -ffunction-sections -fdata-sections"
make: Interrupt/Exception caught (code = 0xc0000005, addr = 0x41c03d)
make: *** [microblaze_0/libsrc/standalone_v4_0/src/make.include] Error 255
"Running Make include in microblaze_0/libsrc/tmrctr_v3_0/src"
make -C microblaze_0/libsrc/tmrctr_v3_0/src -s include -e "SHELL=sh.exe" "COMPILER=mb-gcc" "ARCHIVER=mb-ar" "COMPILER_FLAGS= -O2 -c -mcpu=v9.3 -mhard-float -mlittle-endian -mno-xl-soft-div -mno-xl-soft-mul -mxl-barrel-shift" "EXTRA_COMPILER_FLAGS=-g -ffunction-sections -fdata-sections"
make: Interrupt/Exception caught (code = 0xc0000005, addr = 0x41c03d)
make: *** [microblaze_0/libsrc/tmrctr_v3_0/src/make.include] Error 255
"Running Make include in microblaze_0/libsrc/uartlite_v3_0/src"
make -C microblaze_0/libsrc/uartlite_v3_0/src -s include -e "SHELL=sh.exe" "COMPILER=mb-gcc" "ARCHIVER=mb-ar" "COMPILER_FLAGS= -O2 -c -mcpu=v9.3 -mhard-float -mlittle-endian -mno-xl-soft-div -mno-xl-soft-mul -mxl-barrel-shift" "EXTRA_COMPILER_FLAGS=-g -ffunction-sections -fdata-sections"
make: Interrupt/Exception caught (code = 0xc0000005, addr = 0x41c03d)
make: *** [microblaze_0/libsrc/uartlite_v3_0/src/make.include] Error 255
make: Target `all' not remade because of errors.
14:13:51 **** Auto Build of project test_AES_bsp ****
make -k all 
"Running Make include in microblaze_0/libsrc/bram_v4_0/src"
make -C microblaze_0/libsrc/bram_v4_0/src -s include -e "SHELL=sh.exe" "COMPILER=mb-gcc" "ARCHIVER=mb-ar" "COMPILER_FLAGS= -O2 -c -mcpu=v9.3 -mhard-float -mlittle-endian -mno-xl-soft-div -mno-xl-soft-mul -mxl-barrel-shift" "EXTRA_COMPILER_FLAGS=-g -ffunction-sections -fdata-sections"
make: Interrupt/Exception caught (code = 0xc0000005, addr = 0x41c03d)
make: *** [microblaze_0/libsrc/bram_v4_0/src/make.include] Error 255
"Running Make include in microblaze_0/libsrc/cpu_v2_0/src"
make -C microblaze_0/libsrc/cpu_v2_0/src -s include -e "SHELL=sh.exe" "COMPILER=mb-gcc" "ARCHIVER=mb-ar" "COMPILER_FLAGS= -O2 -c -mcpu=v9.3 -mhard-float -mlittle-endian -mno-xl-soft-div -mno-xl-soft-mul -mxl-barrel-shift" "EXTRA_COMPILER_FLAGS=-g -ffunction-sections -fdata-sections"
make: Interrupt/Exception caught (code = 0xc0000005, addr = 0x41c03d)
make: *** [microblaze_0/libsrc/cpu_v2_0/src/make.include] Error 255
"Running Make include in microblaze_0/libsrc/intc_v3_0/src"
make -C microblaze_0/libsrc/intc_v3_0/src -s include -e "SHELL=sh.exe" "COMPILER=mb-gcc" "ARCHIVER=mb-ar" "COMPILER_FLAGS= -O2 -c -mcpu=v9.3 -mhard-float -mlittle-endian -mno-xl-soft-div -mno-xl-soft-mul -mxl-barrel-shift" "EXTRA_COMPILER_FLAGS=-g -ffunction-sections -fdata-sections"
make: Interrupt/Exception caught (code = 0xc0000005, addr = 0x41c03d)
make: *** [microblaze_0/libsrc/intc_v3_0/src/make.include] Error 255
"Running Make include in microblaze_0/libsrc/standalone_v4_0/src"
make -C microblaze_0/libsrc/standalone_v4_0/src -s include -e "SHELL=sh.exe" "COMPILER=mb-gcc" "ARCHIVER=mb-ar" "COMPILER_FLAGS= -O2 -c -mcpu=v9.3 -mhard-float -mlittle-endian -mno-xl-soft-div -mno-xl-soft-mul -mxl-barrel-shift" "EXTRA_COMPILER_FLAGS=-g -ffunction-sections -fdata-sections"
make: Interrupt/Exception caught (code = 0xc0000005, addr = 0x41c03d)
make: *** [microblaze_0/libsrc/standalone_v4_0/src/make.include] Error 255
"Running Make include in microblaze_0/libsrc/tmrctr_v3_0/src"
make -C microblaze_0/libsrc/tmrctr_v3_0/src -s include -e "SHELL=sh.exe" "COMPILER=mb-gcc" "ARCHIVER=mb-ar" "COMPILER_FLAGS= -O2 -c -mcpu=v9.3 -mhard-float -mlittle-endian -mno-xl-soft-div -mno-xl-soft-mul -mxl-barrel-shift" "EXTRA_COMPILER_FLAGS=-g -ffunction-sections -fdata-sections"
make: Interrupt/Exception caught (code = 0xc0000005, addr = 0x41c03d)
make: *** [microblaze_0/libsrc/tmrctr_v3_0/src/make.include] Error 255
"Running Make include in microblaze_0/libsrc/uartlite_v3_0/src"
make -C microblaze_0/libsrc/uartlite_v3_0/src -s include -e "SHELL=sh.exe" "COMPILER=mb-gcc" "ARCHIVER=mb-ar" "COMPILER_FLAGS= -O2 -c -mcpu=v9.3 -mhard-float -mlittle-endian -mno-xl-soft-div -mno-xl-soft-mul -mxl-barrel-shift" "EXTRA_COMPILER_FLAGS=-g -ffunction-sections -fdata-sections"
make: Interrupt/Exception caught (code = 0xc0000005, addr = 0x41c03d)
make: *** [microblaze_0/libsrc/uartlite_v3_0/src/make.include] Error 255
make: Target `all' not remade because of errors.
14:22:07 **** Auto Build of project test_AES_bsp ****
make -k all 
"Running Make include in microblaze_0/libsrc/bram_v4_0/src"
make -C microblaze_0/libsrc/bram_v4_0/src -s include -e "SHELL=sh.exe" "COMPILER=mb-gcc" "ARCHIVER=mb-ar" "COMPILER_FLAGS= -O2 -c -mcpu=v9.3 -mhard-float -mlittle-endian -mno-xl-soft-div -mno-xl-soft-mul -mxl-barrel-shift" "EXTRA_COMPILER_FLAGS=-g -ffunction-sections -fdata-sections"
make: Interrupt/Exception caught (code = 0xc0000005, addr = 0x41c03d)
make: *** [microblaze_0/libsrc/bram_v4_0/src/make.include] Error 255
"Running Make include in microblaze_0/libsrc/cpu_v2_0/src"
make -C microblaze_0/libsrc/cpu_v2_0/src -s include -e "SHELL=sh.exe" "COMPILER=mb-gcc" "ARCHIVER=mb-ar" "COMPILER_FLAGS= -O2 -c -mcpu=v9.3 -mhard-float -mlittle-endian -mno-xl-soft-div -mno-xl-soft-mul -mxl-barrel-shift" "EXTRA_COMPILER_FLAGS=-g -ffunction-sections -fdata-sections"
make: Interrupt/Exception caught (code = 0xc0000005, addr = 0x41c03d)
make: *** [microblaze_0/libsrc/cpu_v2_0/src/make.include] Error 255
"Running Make include in microblaze_0/libsrc/intc_v3_0/src"
make -C microblaze_0/libsrc/intc_v3_0/src -s include -e "SHELL=sh.exe" "COMPILER=mb-gcc" "ARCHIVER=mb-ar" "COMPILER_FLAGS= -O2 -c -mcpu=v9.3 -mhard-float -mlittle-endian -mno-xl-soft-div -mno-xl-soft-mul -mxl-barrel-shift" "EXTRA_COMPILER_FLAGS=-g -ffunction-sections -fdata-sections"
make: Interrupt/Exception caught (code = 0xc0000005, addr = 0x41c03d)
make: *** [microblaze_0/libsrc/intc_v3_0/src/make.include] Error 255
"Running Make include in microblaze_0/libsrc/standalone_v4_0/src"
make -C microblaze_0/libsrc/standalone_v4_0/src -s include -e "SHELL=sh.exe" "COMPILER=mb-gcc" "ARCHIVER=mb-ar" "COMPILER_FLAGS= -O2 -c -mcpu=v9.3 -mhard-float -mlittle-endian -mno-xl-soft-div -mno-xl-soft-mul -mxl-barrel-shift" "EXTRA_COMPILER_FLAGS=-g -ffunction-sections -fdata-sections"
make: Interrupt/Exception caught (code = 0xc0000005, addr = 0x41c03d)
make: *** [microblaze_0/libsrc/standalone_v4_0/src/make.include] Error 255
"Running Make include in microblaze_0/libsrc/tmrctr_v3_0/src"
make -C microblaze_0/libsrc/tmrctr_v3_0/src -s include -e "SHELL=sh.exe" "COMPILER=mb-gcc" "ARCHIVER=mb-ar" "COMPILER_FLAGS= -O2 -c -mcpu=v9.3 -mhard-float -mlittle-endian -mno-xl-soft-div -mno-xl-soft-mul -mxl-barrel-shift" "EXTRA_COMPILER_FLAGS=-g -ffunction-sections -fdata-sections"
make: Interrupt/Exception caught (code = 0xc0000005, addr = 0x41c03d)
make: *** [microblaze_0/libsrc/tmrctr_v3_0/src/make.include] Error 255
"Running Make include in microblaze_0/libsrc/uartlite_v3_0/src"
make -C microblaze_0/libsrc/uartlite_v3_0/src -s include -e "SHELL=sh.exe" "COMPILER=mb-gcc" "ARCHIVER=mb-ar" "COMPILER_FLAGS= -O2 -c -mcpu=v9.3 -mhard-float -mlittle-endian -mno-xl-soft-div -mno-xl-soft-mul -mxl-barrel-shift" "EXTRA_COMPILER_FLAGS=-g -ffunction-sections -fdata-sections"
make: Interrupt/Exception caught (code = 0xc0000005, addr = 0x41c03d)
make: *** [microblaze_0/libsrc/uartlite_v3_0/src/make.include] Error 255
make: Target `all' not remade because of errors.
14:24:48 **** Clean-only build of configuration Debug for project test_AES ****
make clean 
rm -rf  ./src/test_code.o  ./src/test_code.d  test_AES.elf.size  test_AES.elf.elfcheck  test_AES.elf
' '
14:24:48 **** Auto Build of configuration Debug for project test_AES ****
make all 
'Building file: ../src/test_code.c'
'Invoking: MicroBlaze gcc compiler'
mb-gcc -Wall -O0 -g3 -c -fmessage-length=0 -I../../test_AES_bsp/microblaze_0/include -mlittle-endian -mxl-barrel-shift -mno-xl-soft-div -mcpu=v9.3 -mno-xl-soft-mul -mhard-float -Wl,--no-relax -ffunction-sections -fdata-sections -MMD -MP -MF"src/test_code.d" -MT"src/test_code.d" -o "src/test_code.o" "../src/test_code.c"
../src/test_code.c: In function 'main':
../src/test_code.c:15:2: warning: 'return' with no value, in function returning non-void [-Wreturn-type]
'Finished building: ../src/test_code.c'
' '
'Building target: test_AES.elf'
'Invoking: MicroBlaze gcc linker'
mb-gcc -Wl,-T -Wl,../src/lscript.ld -L../../test_AES_bsp/microblaze_0/lib -mlittle-endian -mxl-barrel-shift -mno-xl-soft-div -mcpu=v9.3 -mno-xl-soft-mul -mhard-float -Wl,--no-relax -Wl,--gc-sections -o "test_AES.elf"  ./src/test_code.o   -Wl,--start-group,-lxil,-lgcc,-lc,--end-group
c:/xilinxsp/14.7/ise_ds/edk/gnu/microblaze/nt/bin/../lib/gcc/microblaze-xilinx-elf/4.6.4/../../../../microblaze-xilinx-elf/bin/ld.exe: test_AES.elf section `.text' will not fit in region `axi_bram_ctrl_0_S_AXI_BASEADDR'
c:/xilinxsp/14.7/ise_ds/edk/gnu/microblaze/nt/bin/../lib/gcc/microblaze-xilinx-elf/4.6.4/../../../../microblaze-xilinx-elf/bin/ld.exe: region `axi_bram_ctrl_0_S_AXI_BASEADDR' overflowed by 71820 bytes
collect2: ld returned 1 exit status
make: *** [test_AES.elf] Error 1
14:25:08 **** Auto Build of project test_AES_bsp ****
make -k all 
"Running Make include in microblaze_0/libsrc/bram_v4_0/src"
make -C microblaze_0/libsrc/bram_v4_0/src -s include -e "SHELL=sh.exe" "COMPILER=mb-gcc" "ARCHIVER=mb-ar" "COMPILER_FLAGS= -O2 -c -mcpu=v9.3 -mhard-float -mlittle-endian -mno-xl-soft-div -mno-xl-soft-mul -mxl-barrel-shift" "EXTRA_COMPILER_FLAGS=-g -ffunction-sections -fdata-sections"
make: Interrupt/Exception caught (code = 0xc0000005, addr = 0x41c03d)
make: *** [microblaze_0/libsrc/bram_v4_0/src/make.include] Error 255
"Running Make include in microblaze_0/libsrc/cpu_v2_0/src"
make -C microblaze_0/libsrc/cpu_v2_0/src -s include -e "SHELL=sh.exe" "COMPILER=mb-gcc" "ARCHIVER=mb-ar" "COMPILER_FLAGS= -O2 -c -mcpu=v9.3 -mhard-float -mlittle-endian -mno-xl-soft-div -mno-xl-soft-mul -mxl-barrel-shift" "EXTRA_COMPILER_FLAGS=-g -ffunction-sections -fdata-sections"
make: Interrupt/Exception caught (code = 0xc0000005, addr = 0x41c03d)
make: *** [microblaze_0/libsrc/cpu_v2_0/src/make.include] Error 255
"Running Make include in microblaze_0/libsrc/intc_v3_0/src"
make -C microblaze_0/libsrc/intc_v3_0/src -s include -e "SHELL=sh.exe" "COMPILER=mb-gcc" "ARCHIVER=mb-ar" "COMPILER_FLAGS= -O2 -c -mcpu=v9.3 -mhard-float -mlittle-endian -mno-xl-soft-div -mno-xl-soft-mul -mxl-barrel-shift" "EXTRA_COMPILER_FLAGS=-g -ffunction-sections -fdata-sections"
make: Interrupt/Exception caught (code = 0xc0000005, addr = 0x41c03d)
make: *** [microblaze_0/libsrc/intc_v3_0/src/make.include] Error 255
"Running Make include in microblaze_0/libsrc/standalone_v4_0/src"
make -C microblaze_0/libsrc/standalone_v4_0/src -s include -e "SHELL=sh.exe" "COMPILER=mb-gcc" "ARCHIVER=mb-ar" "COMPILER_FLAGS= -O2 -c -mcpu=v9.3 -mhard-float -mlittle-endian -mno-xl-soft-div -mno-xl-soft-mul -mxl-barrel-shift" "EXTRA_COMPILER_FLAGS=-g -ffunction-sections -fdata-sections"
make: Interrupt/Exception caught (code = 0xc0000005, addr = 0x41c03d)
make: *** [microblaze_0/libsrc/standalone_v4_0/src/make.include] Error 255
"Running Make include in microblaze_0/libsrc/tmrctr_v3_0/src"
make -C microblaze_0/libsrc/tmrctr_v3_0/src -s include -e "SHELL=sh.exe" "COMPILER=mb-gcc" "ARCHIVER=mb-ar" "COMPILER_FLAGS= -O2 -c -mcpu=v9.3 -mhard-float -mlittle-endian -mno-xl-soft-div -mno-xl-soft-mul -mxl-barrel-shift" "EXTRA_COMPILER_FLAGS=-g -ffunction-sections -fdata-sections"
make: Interrupt/Exception caught (code = 0xc0000005, addr = 0x41c03d)
make: *** [microblaze_0/libsrc/tmrctr_v3_0/src/make.include] Error 255
"Running Make include in microblaze_0/libsrc/uartlite_v3_0/src"
make -C microblaze_0/libsrc/uartlite_v3_0/src -s include -e "SHELL=sh.exe" "COMPILER=mb-gcc" "ARCHIVER=mb-ar" "COMPILER_FLAGS= -O2 -c -mcpu=v9.3 -mhard-float -mlittle-endian -mno-xl-soft-div -mno-xl-soft-mul -mxl-barrel-shift" "EXTRA_COMPILER_FLAGS=-g -ffunction-sections -fdata-sections"
make: Interrupt/Exception caught (code = 0xc0000005, addr = 0x41c03d)
make: *** [microblaze_0/libsrc/uartlite_v3_0/src/make.include] Error 255
make: Target `all' not remade because of errors.
14:36:36 **** Auto Build of project test_AES_bsp ****
make -k all 
"Running Make include in microblaze_0/libsrc/bram_v4_0/src"
make -C microblaze_0/libsrc/bram_v4_0/src -s include -e "SHELL=sh.exe" "COMPILER=mb-gcc" "ARCHIVER=mb-ar" "COMPILER_FLAGS= -O2 -c -mcpu=v9.3 -mhard-float -mlittle-endian -mno-xl-soft-div -mno-xl-soft-mul -mxl-barrel-shift" "EXTRA_COMPILER_FLAGS=-g -ffunction-sections -fdata-sections"
make: Interrupt/Exception caught (code = 0xc0000005, addr = 0x41c03d)
make: *** [microblaze_0/libsrc/bram_v4_0/src/make.include] Error 255
"Running Make include in microblaze_0/libsrc/cpu_v2_0/src"
make -C microblaze_0/libsrc/cpu_v2_0/src -s include -e "SHELL=sh.exe" "COMPILER=mb-gcc" "ARCHIVER=mb-ar" "COMPILER_FLAGS= -O2 -c -mcpu=v9.3 -mhard-float -mlittle-endian -mno-xl-soft-div -mno-xl-soft-mul -mxl-barrel-shift" "EXTRA_COMPILER_FLAGS=-g -ffunction-sections -fdata-sections"
make: Interrupt/Exception caught (code = 0xc0000005, addr = 0x41c03d)
make: *** [microblaze_0/libsrc/cpu_v2_0/src/make.include] Error 255
"Running Make include in microblaze_0/libsrc/intc_v3_0/src"
make -C microblaze_0/libsrc/intc_v3_0/src -s include -e "SHELL=sh.exe" "COMPILER=mb-gcc" "ARCHIVER=mb-ar" "COMPILER_FLAGS= -O2 -c -mcpu=v9.3 -mhard-float -mlittle-endian -mno-xl-soft-div -mno-xl-soft-mul -mxl-barrel-shift" "EXTRA_COMPILER_FLAGS=-g -ffunction-sections -fdata-sections"
make: Interrupt/Exception caught (code = 0xc0000005, addr = 0x41c03d)
make: *** [microblaze_0/libsrc/intc_v3_0/src/make.include] Error 255
"Running Make include in microblaze_0/libsrc/standalone_v4_0/src"
make -C microblaze_0/libsrc/standalone_v4_0/src -s include -e "SHELL=sh.exe" "COMPILER=mb-gcc" "ARCHIVER=mb-ar" "COMPILER_FLAGS= -O2 -c -mcpu=v9.3 -mhard-float -mlittle-endian -mno-xl-soft-div -mno-xl-soft-mul -mxl-barrel-shift" "EXTRA_COMPILER_FLAGS=-g -ffunction-sections -fdata-sections"
make: Interrupt/Exception caught (code = 0xc0000005, addr = 0x41c03d)
make: *** [microblaze_0/libsrc/standalone_v4_0/src/make.include] Error 255
"Running Make include in microblaze_0/libsrc/tmrctr_v3_0/src"
make -C microblaze_0/libsrc/tmrctr_v3_0/src -s include -e "SHELL=sh.exe" "COMPILER=mb-gcc" "ARCHIVER=mb-ar" "COMPILER_FLAGS= -O2 -c -mcpu=v9.3 -mhard-float -mlittle-endian -mno-xl-soft-div -mno-xl-soft-mul -mxl-barrel-shift" "EXTRA_COMPILER_FLAGS=-g -ffunction-sections -fdata-sections"
make: Interrupt/Exception caught (code = 0xc0000005, addr = 0x41c03d)
make: *** [microblaze_0/libsrc/tmrctr_v3_0/src/make.include] Error 255
"Running Make include in microblaze_0/libsrc/uartlite_v3_0/src"
make -C microblaze_0/libsrc/uartlite_v3_0/src -s include -e "SHELL=sh.exe" "COMPILER=mb-gcc" "ARCHIVER=mb-ar" "COMPILER_FLAGS= -O2 -c -mcpu=v9.3 -mhard-float -mlittle-endian -mno-xl-soft-div -mno-xl-soft-mul -mxl-barrel-shift" "EXTRA_COMPILER_FLAGS=-g -ffunction-sections -fdata-sections"
make: Interrupt/Exception caught (code = 0xc0000005, addr = 0x41c03d)
make: *** [microblaze_0/libsrc/uartlite_v3_0/src/make.include] Error 255
make: Target `all' not remade because of errors.
14:37:11 **** Build of project test_AES_AXI_bsp ****
make -k all 
libgen -hw ../hw_platform_0/system.xml\
	       \
	       -pe microblaze_0 \
	       -log libgen.log \
	       system.mss
libgen
Xilinx EDK 14.7 Build EDK_P.20131013
Copyright (c) 1995-2012 Xilinx, Inc.  All rights reserved.

Command Line: libgen -hw ../hw_platform_0/system.xml -pe microblaze_0 -log
libgen.log system.mss 


Staging source files.
Running DRCs.
Running generate.
Running post_generate.
Running include - 'make -s include "COMPILER=mb-gcc" "ARCHIVER=mb-ar"
"COMPILER_FLAGS=-mlittle-endian -mno-xl-soft-mul -mxl-barrel-shift -mhard-float
-mno-xl-soft-div -mcpu=v9.3  -O2 -c" "EXTRA_COMPILER_FLAGS=-g
-ffunction-sections -fdata-sections"'.

Running libs - 'make -s libs "COMPILER=mb-gcc" "ARCHIVER=mb-ar"
"COMPILER_FLAGS=-mlittle-endian -mno-xl-soft-mul -mxl-barrel-shift -mhard-float
-mno-xl-soft-div -mcpu=v9.3  -O2 -c" "EXTRA_COMPILER_FLAGS=-g
-ffunction-sections -fdata-sections"'.
"Compiling common"
"Compiling standalone";
"Compiling bram"
"Compiling tmrctr"
"Compiling uartlite"
"Compiling intc"
"Compiling cpu"
Running execs_generate.
'Finished building libraries'
14:37:36 **** Build of configuration Debug for project test_AES_AXI ****
make all 
'Building file: ../src/helloworld.c'
'Invoking: MicroBlaze gcc compiler'
mb-gcc -Wall -O0 -g3 -c -fmessage-length=0 -I../../test_AES_AXI_bsp/microblaze_0/include -mlittle-endian -mxl-barrel-shift -mno-xl-soft-div -mcpu=v9.3 -mno-xl-soft-mul -mhard-float -Wl,--no-relax -ffunction-sections -fdata-sections -MMD -MP -MF"src/helloworld.d" -MT"src/helloworld.d" -o "src/helloworld.o" "../src/helloworld.c"
'Finished building: ../src/helloworld.c'
' '
'Building file: ../src/platform.c'
'Invoking: MicroBlaze gcc compiler'
mb-gcc -Wall -O0 -g3 -c -fmessage-length=0 -I../../test_AES_AXI_bsp/microblaze_0/include -mlittle-endian -mxl-barrel-shift -mno-xl-soft-div -mcpu=v9.3 -mno-xl-soft-mul -mhard-float -Wl,--no-relax -ffunction-sections -fdata-sections -MMD -MP -MF"src/platform.d" -MT"src/platform.d" -o "src/platform.o" "../src/platform.c"
'Finished building: ../src/platform.c'
' '
'Building target: test_AES_AXI.elf'
'Invoking: MicroBlaze gcc linker'
mb-gcc -Wl,-T -Wl,../src/lscript.ld -L../../test_AES_AXI_bsp/microblaze_0/lib -mlittle-endian -mxl-barrel-shift -mno-xl-soft-div -mcpu=v9.3 -mno-xl-soft-mul -mhard-float -Wl,--no-relax -Wl,--gc-sections -o "test_AES_AXI.elf"  ./src/helloworld.o ./src/platform.o   -Wl,--start-group,-lxil,-lgcc,-lc,--end-group
'Finished building target: test_AES_AXI.elf'
' '
'Invoking: MicroBlaze Print Size'
mb-size test_AES_AXI.elf  |tee "test_AES_AXI.elf.size"
   text	   data	    bss	    dec	    hex	filename
   2430	    316	   2084	   4830	   12de	test_AES_AXI.elf
'Finished building: test_AES_AXI.elf.size'
' '
'Invoking: Xilinx ELF Check'
elfcheck test_AES_AXI.elf -hw ../../hw_platform_0/system.xml -pe microblaze_0  |tee "test_AES_AXI.elf.elfcheck"
elfcheck
Xilinx EDK 14.7 Build EDK_P.20131013
Copyright (c) 1995-2012 Xilinx, Inc.  All rights reserved.

Command Line: elfcheck -hw ../../hw_platform_0/system.xml -pe microblaze_0
test_AES_AXI.elf 

ELF file	: test_AES_AXI.elf
elfcheck passed.
'Finished building: test_AES_AXI.elf.elfcheck'
' '
17:33:25 **** Auto Build of project test_AES_AXI_bsp ****
make -k all 
'Finished building libraries'
17:48:41 **** Auto Build of project test_AES_AXI_bsp ****
make -k all 
'Finished building libraries'
17:51:41 **** Auto Build of project test_AES_AXI_bsp ****
make -k all 
'Finished building libraries'
18:00:37 **** Clean-only build of configuration Debug for project test_AES_AXI ****
make clean 
rm -rf  ./src/helloworld.o ./src/platform.o  ./src/helloworld.d ./src/platform.d  test_AES_AXI.elf.size  test_AES_AXI.elf.elfcheck  test_AES_AXI.elf
' '
18:00:38 **** Auto Build of configuration Debug for project test_AES_AXI ****
make all 
'Building file: ../src/helloworld.c'
'Invoking: MicroBlaze gcc compiler'
mb-gcc -Wall -O0 -g3 -c -fmessage-length=0 -I../../test_AES_AXI_bsp/microblaze_0/include -mlittle-endian -mxl-barrel-shift -mno-xl-soft-div -mcpu=v9.3 -mno-xl-soft-mul -mhard-float -Wl,--no-relax -ffunction-sections -fdata-sections -MMD -MP -MF"src/helloworld.d" -MT"src/helloworld.d" -o "src/helloworld.o" "../src/helloworld.c"
../src/helloworld.c: In function 'main':
../src/helloworld.c:47:5: warning: implicit declaration of function 'Xil_Out32' [-Wimplicit-function-declaration]
../src/helloworld.c:49:5: warning: implicit declaration of function 'Xil_In32' [-Wimplicit-function-declaration]
'Finished building: ../src/helloworld.c'
' '
'Building file: ../src/platform.c'
'Invoking: MicroBlaze gcc compiler'
mb-gcc -Wall -O0 -g3 -c -fmessage-length=0 -I../../test_AES_AXI_bsp/microblaze_0/include -mlittle-endian -mxl-barrel-shift -mno-xl-soft-div -mcpu=v9.3 -mno-xl-soft-mul -mhard-float -Wl,--no-relax -ffunction-sections -fdata-sections -MMD -MP -MF"src/platform.d" -MT"src/platform.d" -o "src/platform.o" "../src/platform.c"
'Finished building: ../src/platform.c'
' '
'Building target: test_AES_AXI.elf'
'Invoking: MicroBlaze gcc linker'
mb-gcc -Wl,-T -Wl,../src/lscript.ld -L../../test_AES_AXI_bsp/microblaze_0/lib -mlittle-endian -mxl-barrel-shift -mno-xl-soft-div -mcpu=v9.3 -mno-xl-soft-mul -mhard-float -Wl,--no-relax -Wl,--gc-sections -o "test_AES_AXI.elf"  ./src/helloworld.o ./src/platform.o   -Wl,--start-group,-lxil,-lgcc,-lc,--end-group
./src/helloworld.o: In function `main':
C:\Ublaze\Projeto_Caio\tutorial_ug940-AES_Crypto\test_AES_AXI\Debug/../src/helloworld.c:47: undefined reference to `Xil_Out32'
C:\Ublaze\Projeto_Caio\tutorial_ug940-AES_Crypto\test_AES_AXI\Debug/../src/helloworld.c:49: undefined reference to `Xil_In32'
collect2: ld returned 1 exit status
make: *** [test_AES_AXI.elf] Error 1
18:01:06 **** Auto Build of configuration Debug for project test_AES_AXI ****
make all 
'Building file: ../src/helloworld.c'
'Invoking: MicroBlaze gcc compiler'
mb-gcc -Wall -O0 -g3 -c -fmessage-length=0 -I../../test_AES_AXI_bsp/microblaze_0/include -mlittle-endian -mxl-barrel-shift -mno-xl-soft-div -mcpu=v9.3 -mno-xl-soft-mul -mhard-float -Wl,--no-relax -ffunction-sections -fdata-sections -MMD -MP -MF"src/helloworld.d" -MT"src/helloworld.d" -o "src/helloworld.o" "../src/helloworld.c"
../src/helloworld.c:35:18: fatal error: xil_io: No such file or directory
compilation terminated.
make: *** [src/helloworld.o] Error 1
18:01:22 **** Auto Build of configuration Debug for project test_AES_AXI ****
make all 
'Building file: ../src/helloworld.c'
'Invoking: MicroBlaze gcc compiler'
mb-gcc -Wall -O0 -g3 -c -fmessage-length=0 -I../../test_AES_AXI_bsp/microblaze_0/include -mlittle-endian -mxl-barrel-shift -mno-xl-soft-div -mcpu=v9.3 -mno-xl-soft-mul -mhard-float -Wl,--no-relax -ffunction-sections -fdata-sections -MMD -MP -MF"src/helloworld.d" -MT"src/helloworld.d" -o "src/helloworld.o" "../src/helloworld.c"
'Finished building: ../src/helloworld.c'
' '
'Building target: test_AES_AXI.elf'
'Invoking: MicroBlaze gcc linker'
mb-gcc -Wl,-T -Wl,../src/lscript.ld -L../../test_AES_AXI_bsp/microblaze_0/lib -mlittle-endian -mxl-barrel-shift -mno-xl-soft-div -mcpu=v9.3 -mno-xl-soft-mul -mhard-float -Wl,--no-relax -Wl,--gc-sections -o "test_AES_AXI.elf"  ./src/helloworld.o ./src/platform.o   -Wl,--start-group,-lxil,-lgcc,-lc,--end-group
'Finished building target: test_AES_AXI.elf'
' '
'Invoking: MicroBlaze Print Size'
mb-size test_AES_AXI.elf  |tee "test_AES_AXI.elf.size"
   text	   data	    bss	    dec	    hex	filename
  60640	   1484	   2148	  64272	   fb10	test_AES_AXI.elf
'Finished building: test_AES_AXI.elf.size'
' '
'Invoking: Xilinx ELF Check'
elfcheck test_AES_AXI.elf -hw ../../hw_platform_0/system.xml -pe microblaze_0  |tee "test_AES_AXI.elf.elfcheck"
elfcheck
Xilinx EDK 14.7 Build EDK_P.20131013
Copyright (c) 1995-2012 Xilinx, Inc.  All rights reserved.

Command Line: elfcheck -hw ../../hw_platform_0/system.xml -pe microblaze_0
test_AES_AXI.elf 

ELF file	: test_AES_AXI.elf
elfcheck passed.
'Finished building: test_AES_AXI.elf.elfcheck'
' '
18:02:29 **** Auto Build of project test_AES_AXI_bsp ****
make -k all 
'Finished building libraries'
19:13:46 **** Auto Build of configuration Debug for project test_AES_AXI ****
make all 
'Building file: ../src/helloworld.c'
'Invoking: MicroBlaze gcc compiler'
mb-gcc -Wall -O0 -g3 -c -fmessage-length=0 -I../../test_AES_AXI_bsp/microblaze_0/include -mlittle-endian -mxl-barrel-shift -mno-xl-soft-div -mcpu=v9.3 -mno-xl-soft-mul -mhard-float -Wl,--no-relax -ffunction-sections -fdata-sections -MMD -MP -MF"src/helloworld.d" -MT"src/helloworld.d" -o "src/helloworld.o" "../src/helloworld.c"
'Finished building: ../src/helloworld.c'
' '
'Building target: test_AES_AXI.elf'
'Invoking: MicroBlaze gcc linker'
mb-gcc -Wl,-T -Wl,../src/lscript.ld -L../../test_AES_AXI_bsp/microblaze_0/lib -mlittle-endian -mxl-barrel-shift -mno-xl-soft-div -mcpu=v9.3 -mno-xl-soft-mul -mhard-float -Wl,--no-relax -Wl,--gc-sections -o "test_AES_AXI.elf"  ./src/helloworld.o ./src/platform.o   -Wl,--start-group,-lxil,-lgcc,-lc,--end-group
'Finished building target: test_AES_AXI.elf'
' '
'Invoking: MicroBlaze Print Size'
mb-size test_AES_AXI.elf  |tee "test_AES_AXI.elf.size"
   text	   data	    bss	    dec	    hex	filename
  60640	   1484	   2148	  64272	   fb10	test_AES_AXI.elf
'Finished building: test_AES_AXI.elf.size'
' '
'Invoking: Xilinx ELF Check'
elfcheck test_AES_AXI.elf -hw ../../hw_platform_0/system.xml -pe microblaze_0  |tee "test_AES_AXI.elf.elfcheck"
elfcheck
Xilinx EDK 14.7 Build EDK_P.20131013
Copyright (c) 1995-2012 Xilinx, Inc.  All rights reserved.

Command Line: elfcheck -hw ../../hw_platform_0/system.xml -pe microblaze_0
test_AES_AXI.elf 

ELF file	: test_AES_AXI.elf
elfcheck passed.
'Finished building: test_AES_AXI.elf.elfcheck'
' '
19:20:48 **** Auto Build of configuration Debug for project test_AES_AXI ****
make all 
'Building file: ../src/helloworld.c'
'Invoking: MicroBlaze gcc compiler'
mb-gcc -Wall -O0 -g3 -c -fmessage-length=0 -I../../test_AES_AXI_bsp/microblaze_0/include -mlittle-endian -mxl-barrel-shift -mno-xl-soft-div -mcpu=v9.3 -mno-xl-soft-mul -mhard-float -Wl,--no-relax -ffunction-sections -fdata-sections -MMD -MP -MF"src/helloworld.d" -MT"src/helloworld.d" -o "src/helloworld.o" "../src/helloworld.c"
../src/helloworld.c:48:0: warning: "BO_E_0_OFFSET" redefined [enabled by default]
../src/helloworld.c:47:0: note: this is the location of the previous definition
../src/helloworld.c:49:0: warning: "BO_E_0_OFFSET" redefined [enabled by default]
../src/helloworld.c:48:0: note: this is the location of the previous definition
../src/helloworld.c:50:0: warning: "BO_E_0_OFFSET" redefined [enabled by default]
../src/helloworld.c:49:0: note: this is the location of the previous definition
../src/helloworld.c:51:0: warning: "BO_E_0_OFFSET" redefined [enabled by default]
../src/helloworld.c:50:0: note: this is the location of the previous definition
'Finished building: ../src/helloworld.c'
' '
'Building target: test_AES_AXI.elf'
'Invoking: MicroBlaze gcc linker'
mb-gcc -Wl,-T -Wl,../src/lscript.ld -L../../test_AES_AXI_bsp/microblaze_0/lib -mlittle-endian -mxl-barrel-shift -mno-xl-soft-div -mcpu=v9.3 -mno-xl-soft-mul -mhard-float -Wl,--no-relax -Wl,--gc-sections -o "test_AES_AXI.elf"  ./src/helloworld.o ./src/platform.o   -Wl,--start-group,-lxil,-lgcc,-lc,--end-group
'Finished building target: test_AES_AXI.elf'
' '
'Invoking: MicroBlaze Print Size'
mb-size test_AES_AXI.elf  |tee "test_AES_AXI.elf.size"
   text	   data	    bss	    dec	    hex	filename
  60640	   1484	   2148	  64272	   fb10	test_AES_AXI.elf
'Finished building: test_AES_AXI.elf.size'
' '
'Invoking: Xilinx ELF Check'
elfcheck test_AES_AXI.elf -hw ../../hw_platform_0/system.xml -pe microblaze_0  |tee "test_AES_AXI.elf.elfcheck"
elfcheck
Xilinx EDK 14.7 Build EDK_P.20131013
Copyright (c) 1995-2012 Xilinx, Inc.  All rights reserved.

Command Line: elfcheck -hw ../../hw_platform_0/system.xml -pe microblaze_0
test_AES_AXI.elf 

ELF file	: test_AES_AXI.elf
elfcheck passed.
'Finished building: test_AES_AXI.elf.elfcheck'
' '
19:21:14 **** Auto Build of configuration Debug for project test_AES_AXI ****
make all 
'Building file: ../src/helloworld.c'
'Invoking: MicroBlaze gcc compiler'
mb-gcc -Wall -O0 -g3 -c -fmessage-length=0 -I../../test_AES_AXI_bsp/microblaze_0/include -mlittle-endian -mxl-barrel-shift -mno-xl-soft-div -mcpu=v9.3 -mno-xl-soft-mul -mhard-float -Wl,--no-relax -ffunction-sections -fdata-sections -MMD -MP -MF"src/helloworld.d" -MT"src/helloworld.d" -o "src/helloworld.o" "../src/helloworld.c"
'Finished building: ../src/helloworld.c'
' '
'Building target: test_AES_AXI.elf'
'Invoking: MicroBlaze gcc linker'
mb-gcc -Wl,-T -Wl,../src/lscript.ld -L../../test_AES_AXI_bsp/microblaze_0/lib -mlittle-endian -mxl-barrel-shift -mno-xl-soft-div -mcpu=v9.3 -mno-xl-soft-mul -mhard-float -Wl,--no-relax -Wl,--gc-sections -o "test_AES_AXI.elf"  ./src/helloworld.o ./src/platform.o   -Wl,--start-group,-lxil,-lgcc,-lc,--end-group
'Finished building target: test_AES_AXI.elf'
' '
'Invoking: MicroBlaze Print Size'
mb-size test_AES_AXI.elf  |tee "test_AES_AXI.elf.size"
   text	   data	    bss	    dec	    hex	filename
  60640	   1484	   2148	  64272	   fb10	test_AES_AXI.elf
'Finished building: test_AES_AXI.elf.size'
' '
'Invoking: Xilinx ELF Check'
elfcheck test_AES_AXI.elf -hw ../../hw_platform_0/system.xml -pe microblaze_0  |tee "test_AES_AXI.elf.elfcheck"
elfcheck
Xilinx EDK 14.7 Build EDK_P.20131013
Copyright (c) 1995-2012 Xilinx, Inc.  All rights reserved.

Command Line: elfcheck -hw ../../hw_platform_0/system.xml -pe microblaze_0
test_AES_AXI.elf 

ELF file	: test_AES_AXI.elf
elfcheck passed.
'Finished building: test_AES_AXI.elf.elfcheck'
' '
19:23:20 **** Auto Build of configuration Debug for project test_AES_AXI ****
make all 
'Building file: ../src/helloworld.c'
'Invoking: MicroBlaze gcc compiler'
mb-gcc -Wall -O0 -g3 -c -fmessage-length=0 -I../../test_AES_AXI_bsp/microblaze_0/include -mlittle-endian -mxl-barrel-shift -mno-xl-soft-div -mcpu=v9.3 -mno-xl-soft-mul -mhard-float -Wl,--no-relax -ffunction-sections -fdata-sections -MMD -MP -MF"src/helloworld.d" -MT"src/helloworld.d" -o "src/helloworld.o" "../src/helloworld.c"
'Finished building: ../src/helloworld.c'
' '
'Building target: test_AES_AXI.elf'
'Invoking: MicroBlaze gcc linker'
mb-gcc -Wl,-T -Wl,../src/lscript.ld -L../../test_AES_AXI_bsp/microblaze_0/lib -mlittle-endian -mxl-barrel-shift -mno-xl-soft-div -mcpu=v9.3 -mno-xl-soft-mul -mhard-float -Wl,--no-relax -Wl,--gc-sections -o "test_AES_AXI.elf"  ./src/helloworld.o ./src/platform.o   -Wl,--start-group,-lxil,-lgcc,-lc,--end-group
'Finished building target: test_AES_AXI.elf'
' '
'Invoking: MicroBlaze Print Size'
mb-size test_AES_AXI.elf  |tee "test_AES_AXI.elf.size"
   text	   data	    bss	    dec	    hex	filename
  60640	   1484	   2148	  64272	   fb10	test_AES_AXI.elf
'Finished building: test_AES_AXI.elf.size'
' '
'Invoking: Xilinx ELF Check'
elfcheck test_AES_AXI.elf -hw ../../hw_platform_0/system.xml -pe microblaze_0  |tee "test_AES_AXI.elf.elfcheck"
elfcheck
Xilinx EDK 14.7 Build EDK_P.20131013
Copyright (c) 1995-2012 Xilinx, Inc.  All rights reserved.

Command Line: elfcheck -hw ../../hw_platform_0/system.xml -pe microblaze_0
test_AES_AXI.elf 

ELF file	: test_AES_AXI.elf
elfcheck passed.
'Finished building: test_AES_AXI.elf.elfcheck'
' '
19:29:49 **** Auto Build of configuration Debug for project test_AES_AXI ****
make all 
'Building file: ../src/helloworld.c'
'Invoking: MicroBlaze gcc compiler'
mb-gcc -Wall -O0 -g3 -c -fmessage-length=0 -I../../test_AES_AXI_bsp/microblaze_0/include -mlittle-endian -mxl-barrel-shift -mno-xl-soft-div -mcpu=v9.3 -mno-xl-soft-mul -mhard-float -Wl,--no-relax -ffunction-sections -fdata-sections -MMD -MP -MF"src/helloworld.d" -MT"src/helloworld.d" -o "src/helloworld.o" "../src/helloworld.c"
'Finished building: ../src/helloworld.c'
' '
'Building target: test_AES_AXI.elf'
'Invoking: MicroBlaze gcc linker'
mb-gcc -Wl,-T -Wl,../src/lscript.ld -L../../test_AES_AXI_bsp/microblaze_0/lib -mlittle-endian -mxl-barrel-shift -mno-xl-soft-div -mcpu=v9.3 -mno-xl-soft-mul -mhard-float -Wl,--no-relax -Wl,--gc-sections -o "test_AES_AXI.elf"  ./src/helloworld.o ./src/platform.o   -Wl,--start-group,-lxil,-lgcc,-lc,--end-group
'Finished building target: test_AES_AXI.elf'
' '
'Invoking: MicroBlaze Print Size'
mb-size test_AES_AXI.elf  |tee "test_AES_AXI.elf.size"
   text	   data	    bss	    dec	    hex	filename
  60708	   1484	   2152	  64344	   fb58	test_AES_AXI.elf
'Finished building: test_AES_AXI.elf.size'
' '
'Invoking: Xilinx ELF Check'
elfcheck test_AES_AXI.elf -hw ../../hw_platform_0/system.xml -pe microblaze_0  |tee "test_AES_AXI.elf.elfcheck"
elfcheck
Xilinx EDK 14.7 Build EDK_P.20131013
Copyright (c) 1995-2012 Xilinx, Inc.  All rights reserved.

Command Line: elfcheck -hw ../../hw_platform_0/system.xml -pe microblaze_0
test_AES_AXI.elf 

ELF file	: test_AES_AXI.elf
elfcheck passed.
'Finished building: test_AES_AXI.elf.elfcheck'
' '
19:38:17 **** Auto Build of configuration Debug for project test_AES_AXI ****
make all 
'Building file: ../src/helloworld.c'
'Invoking: MicroBlaze gcc compiler'
mb-gcc -Wall -O0 -g3 -c -fmessage-length=0 -I../../test_AES_AXI_bsp/microblaze_0/include -mlittle-endian -mxl-barrel-shift -mno-xl-soft-div -mcpu=v9.3 -mno-xl-soft-mul -mhard-float -Wl,--no-relax -ffunction-sections -fdata-sections -MMD -MP -MF"src/helloworld.d" -MT"src/helloworld.d" -o "src/helloworld.o" "../src/helloworld.c"
../src/helloworld.c: In function 'main':
../src/helloworld.c:104:5: error: 'temp' undeclared (first use in this function)
../src/helloworld.c:104:5: note: each undeclared identifier is reported only once for each function it appears in
../src/helloworld.c:71:6: warning: variable 'bo_3' set but not used [-Wunused-but-set-variable]
../src/helloworld.c:70:6: warning: variable 'bo_2' set but not used [-Wunused-but-set-variable]
../src/helloworld.c:69:6: warning: variable 'bo_1' set but not used [-Wunused-but-set-variable]
../src/helloworld.c:68:6: warning: variable 'bo_0' set but not used [-Wunused-but-set-variable]
make: *** [src/helloworld.o] Error 1
19:38:34 **** Auto Build of configuration Debug for project test_AES_AXI ****
make all 
'Building file: ../src/helloworld.c'
'Invoking: MicroBlaze gcc compiler'
mb-gcc -Wall -O0 -g3 -c -fmessage-length=0 -I../../test_AES_AXI_bsp/microblaze_0/include -mlittle-endian -mxl-barrel-shift -mno-xl-soft-div -mcpu=v9.3 -mno-xl-soft-mul -mhard-float -Wl,--no-relax -ffunction-sections -fdata-sections -MMD -MP -MF"src/helloworld.d" -MT"src/helloworld.d" -o "src/helloworld.o" "../src/helloworld.c"
../src/helloworld.c: In function 'main':
../src/helloworld.c:101:28: error: 'temp' undeclared (first use in this function)
../src/helloworld.c:101:28: note: each undeclared identifier is reported only once for each function it appears in
../src/helloworld.c:71:6: warning: variable 'bo_3' set but not used [-Wunused-but-set-variable]
../src/helloworld.c:70:6: warning: variable 'bo_2' set but not used [-Wunused-but-set-variable]
../src/helloworld.c:69:6: warning: variable 'bo_1' set but not used [-Wunused-but-set-variable]
../src/helloworld.c:68:6: warning: variable 'bo_0' set but not used [-Wunused-but-set-variable]
make: *** [src/helloworld.o] Error 1
19:39:16 **** Auto Build of configuration Debug for project test_AES_AXI ****
make all 
'Building file: ../src/helloworld.c'
'Invoking: MicroBlaze gcc compiler'
mb-gcc -Wall -O0 -g3 -c -fmessage-length=0 -I../../test_AES_AXI_bsp/microblaze_0/include -mlittle-endian -mxl-barrel-shift -mno-xl-soft-div -mcpu=v9.3 -mno-xl-soft-mul -mhard-float -Wl,--no-relax -ffunction-sections -fdata-sections -MMD -MP -MF"src/helloworld.d" -MT"src/helloworld.d" -o "src/helloworld.o" "../src/helloworld.c"
'Finished building: ../src/helloworld.c'
' '
'Building target: test_AES_AXI.elf'
'Invoking: MicroBlaze gcc linker'
mb-gcc -Wl,-T -Wl,../src/lscript.ld -L../../test_AES_AXI_bsp/microblaze_0/lib -mlittle-endian -mxl-barrel-shift -mno-xl-soft-div -mcpu=v9.3 -mno-xl-soft-mul -mhard-float -Wl,--no-relax -Wl,--gc-sections -o "test_AES_AXI.elf"  ./src/helloworld.o ./src/platform.o   -Wl,--start-group,-lxil,-lgcc,-lc,--end-group
'Finished building target: test_AES_AXI.elf'
' '
'Invoking: MicroBlaze Print Size'
mb-size test_AES_AXI.elf  |tee "test_AES_AXI.elf.size"
   text	   data	    bss	    dec	    hex	filename
  61200	   1484	   2148	  64832	   fd40	test_AES_AXI.elf
'Finished building: test_AES_AXI.elf.size'
' '
'Invoking: Xilinx ELF Check'
elfcheck test_AES_AXI.elf -hw ../../hw_platform_0/system.xml -pe microblaze_0  |tee "test_AES_AXI.elf.elfcheck"
elfcheck
Xilinx EDK 14.7 Build EDK_P.20131013
Copyright (c) 1995-2012 Xilinx, Inc.  All rights reserved.

Command Line: elfcheck -hw ../../hw_platform_0/system.xml -pe microblaze_0
test_AES_AXI.elf 

ELF file	: test_AES_AXI.elf
elfcheck passed.
'Finished building: test_AES_AXI.elf.elfcheck'
' '
19:39:53 **** Auto Build of project test_AES_AXI_bsp ****
make -k all 
'Finished building libraries'
19:45:00 **** Auto Build of configuration Debug for project test_AES_AXI ****
make all 
'Building file: ../src/helloworld.c'
'Invoking: MicroBlaze gcc compiler'
mb-gcc -Wall -O0 -g3 -c -fmessage-length=0 -I../../test_AES_AXI_bsp/microblaze_0/include -mlittle-endian -mxl-barrel-shift -mno-xl-soft-div -mcpu=v9.3 -mno-xl-soft-mul -mhard-float -Wl,--no-relax -ffunction-sections -fdata-sections -MMD -MP -MF"src/helloworld.d" -MT"src/helloworld.d" -o "src/helloworld.o" "../src/helloworld.c"
'Finished building: ../src/helloworld.c'
' '
'Building target: test_AES_AXI.elf'
'Invoking: MicroBlaze gcc linker'
mb-gcc -Wl,-T -Wl,../src/lscript.ld -L../../test_AES_AXI_bsp/microblaze_0/lib -mlittle-endian -mxl-barrel-shift -mno-xl-soft-div -mcpu=v9.3 -mno-xl-soft-mul -mhard-float -Wl,--no-relax -Wl,--gc-sections -o "test_AES_AXI.elf"  ./src/helloworld.o ./src/platform.o   -Wl,--start-group,-lxil,-lgcc,-lc,--end-group
'Finished building target: test_AES_AXI.elf'
' '
'Invoking: MicroBlaze Print Size'
mb-size test_AES_AXI.elf  |tee "test_AES_AXI.elf.size"
   text	   data	    bss	    dec	    hex	filename
  61320	   1484	   2148	  64952	   fdb8	test_AES_AXI.elf
'Finished building: test_AES_AXI.elf.size'
' '
'Invoking: Xilinx ELF Check'
elfcheck test_AES_AXI.elf -hw ../../hw_platform_0/system.xml -pe microblaze_0  |tee "test_AES_AXI.elf.elfcheck"
elfcheck
Xilinx EDK 14.7 Build EDK_P.20131013
Copyright (c) 1995-2012 Xilinx, Inc.  All rights reserved.

Command Line: elfcheck -hw ../../hw_platform_0/system.xml -pe microblaze_0
test_AES_AXI.elf 

ELF file	: test_AES_AXI.elf
elfcheck passed.
'Finished building: test_AES_AXI.elf.elfcheck'
' '
19:45:20 **** Auto Build of project test_AES_AXI_bsp ****
make -k all 
'Finished building libraries'
19:47:10 **** Auto Build of project test_AES_AXI_bsp ****
make -k all 
'Finished building libraries'
19:49:52 **** Auto Build of configuration Debug for project test_AES_AXI ****
make all 
'Building file: ../src/helloworld.c'
'Invoking: MicroBlaze gcc compiler'
mb-gcc -Wall -O0 -g3 -c -fmessage-length=0 -I../../test_AES_AXI_bsp/microblaze_0/include -mlittle-endian -mxl-barrel-shift -mno-xl-soft-div -mcpu=v9.3 -mno-xl-soft-mul -mhard-float -Wl,--no-relax -ffunction-sections -fdata-sections -MMD -MP -MF"src/helloworld.d" -MT"src/helloworld.d" -o "src/helloworld.o" "../src/helloworld.c"
../src/helloworld.c: In function 'main':
../src/helloworld.c:72:6: warning: unused variable 'config' [-Wunused-variable]
'Finished building: ../src/helloworld.c'
' '
'Building target: test_AES_AXI.elf'
'Invoking: MicroBlaze gcc linker'
mb-gcc -Wl,-T -Wl,../src/lscript.ld -L../../test_AES_AXI_bsp/microblaze_0/lib -mlittle-endian -mxl-barrel-shift -mno-xl-soft-div -mcpu=v9.3 -mno-xl-soft-mul -mhard-float -Wl,--no-relax -Wl,--gc-sections -o "test_AES_AXI.elf"  ./src/helloworld.o ./src/platform.o   -Wl,--start-group,-lxil,-lgcc,-lc,--end-group
'Finished building target: test_AES_AXI.elf'
' '
'Invoking: MicroBlaze Print Size'
mb-size test_AES_AXI.elf  |tee "test_AES_AXI.elf.size"
   text	   data	    bss	    dec	    hex	filename
  61204	   1484	   2152	  64840	   fd48	test_AES_AXI.elf
'Finished building: test_AES_AXI.elf.size'
' '
'Invoking: Xilinx ELF Check'
elfcheck test_AES_AXI.elf -hw ../../hw_platform_0/system.xml -pe microblaze_0  |tee "test_AES_AXI.elf.elfcheck"
elfcheck
Xilinx EDK 14.7 Build EDK_P.20131013
Copyright (c) 1995-2012 Xilinx, Inc.  All rights reserved.

Command Line: elfcheck -hw ../../hw_platform_0/system.xml -pe microblaze_0
test_AES_AXI.elf 

ELF file	: test_AES_AXI.elf
elfcheck passed.
'Finished building: test_AES_AXI.elf.elfcheck'
' '
19:50:10 **** Auto Build of project test_AES_AXI_bsp ****
make -k all 
'Finished building libraries'
19:52:49 **** Auto Build of project test_AES_AXI_bsp ****
make -k all 
'Finished building libraries'
19:55:06 **** Auto Build of configuration Debug for project test_AES_AXI ****
make all 
'Building file: ../src/helloworld.c'
'Invoking: MicroBlaze gcc compiler'
mb-gcc -Wall -O0 -g3 -c -fmessage-length=0 -I../../test_AES_AXI_bsp/microblaze_0/include -mlittle-endian -mxl-barrel-shift -mno-xl-soft-div -mcpu=v9.3 -mno-xl-soft-mul -mhard-float -Wl,--no-relax -ffunction-sections -fdata-sections -MMD -MP -MF"src/helloworld.d" -MT"src/helloworld.d" -o "src/helloworld.o" "../src/helloworld.c"
'Finished building: ../src/helloworld.c'
' '
'Building target: test_AES_AXI.elf'
'Invoking: MicroBlaze gcc linker'
mb-gcc -Wl,-T -Wl,../src/lscript.ld -L../../test_AES_AXI_bsp/microblaze_0/lib -mlittle-endian -mxl-barrel-shift -mno-xl-soft-div -mcpu=v9.3 -mno-xl-soft-mul -mhard-float -Wl,--no-relax -Wl,--gc-sections -o "test_AES_AXI.elf"  ./src/helloworld.o ./src/platform.o   -Wl,--start-group,-lxil,-lgcc,-lc,--end-group
'Finished building target: test_AES_AXI.elf'
' '
'Invoking: MicroBlaze Print Size'
mb-size test_AES_AXI.elf  |tee "test_AES_AXI.elf.size"
   text	   data	    bss	    dec	    hex	filename
  61320	   1484	   2148	  64952	   fdb8	test_AES_AXI.elf
'Finished building: test_AES_AXI.elf.size'
' '
'Invoking: Xilinx ELF Check'
elfcheck test_AES_AXI.elf -hw ../../hw_platform_0/system.xml -pe microblaze_0  |tee "test_AES_AXI.elf.elfcheck"
elfcheck
Xilinx EDK 14.7 Build EDK_P.20131013
Copyright (c) 1995-2012 Xilinx, Inc.  All rights reserved.

Command Line: elfcheck -hw ../../hw_platform_0/system.xml -pe microblaze_0
test_AES_AXI.elf 

ELF file	: test_AES_AXI.elf
elfcheck passed.
'Finished building: test_AES_AXI.elf.elfcheck'
' '
19:55:31 **** Auto Build of project test_AES_AXI_bsp ****
make -k all 
'Finished building libraries'
19:57:59 **** Auto Build of configuration Debug for project test_AES_AXI ****
make all 
'Building file: ../src/helloworld.c'
'Invoking: MicroBlaze gcc compiler'
mb-gcc -Wall -O0 -g3 -c -fmessage-length=0 -I../../test_AES_AXI_bsp/microblaze_0/include -mlittle-endian -mxl-barrel-shift -mno-xl-soft-div -mcpu=v9.3 -mno-xl-soft-mul -mhard-float -Wl,--no-relax -ffunction-sections -fdata-sections -MMD -MP -MF"src/helloworld.d" -MT"src/helloworld.d" -o "src/helloworld.o" "../src/helloworld.c"
../src/helloworld.c: In function 'main':
../src/helloworld.c:72:6: warning: unused variable 'config' [-Wunused-variable]
../src/helloworld.c:71:6: warning: unused variable 'bo_3' [-Wunused-variable]
../src/helloworld.c:70:6: warning: unused variable 'bo_2' [-Wunused-variable]
../src/helloworld.c:69:6: warning: unused variable 'bo_1' [-Wunused-variable]
../src/helloworld.c:68:6: warning: unused variable 'bo_0' [-Wunused-variable]
'Finished building: ../src/helloworld.c'
' '
'Building target: test_AES_AXI.elf'
'Invoking: MicroBlaze gcc linker'
mb-gcc -Wl,-T -Wl,../src/lscript.ld -L../../test_AES_AXI_bsp/microblaze_0/lib -mlittle-endian -mxl-barrel-shift -mno-xl-soft-div -mcpu=v9.3 -mno-xl-soft-mul -mhard-float -Wl,--no-relax -Wl,--gc-sections -o "test_AES_AXI.elf"  ./src/helloworld.o ./src/platform.o   -Wl,--start-group,-lxil,-lgcc,-lc,--end-group
'Finished building target: test_AES_AXI.elf'
' '
'Invoking: MicroBlaze Print Size'
mb-size test_AES_AXI.elf  |tee "test_AES_AXI.elf.size"
   text	   data	    bss	    dec	    hex	filename
  60488	   1484	   2148	  64120	   fa78	test_AES_AXI.elf
'Finished building: test_AES_AXI.elf.size'
' '
'Invoking: Xilinx ELF Check'
elfcheck test_AES_AXI.elf -hw ../../hw_platform_0/system.xml -pe microblaze_0  |tee "test_AES_AXI.elf.elfcheck"
elfcheck
Xilinx EDK 14.7 Build EDK_P.20131013
Copyright (c) 1995-2012 Xilinx, Inc.  All rights reserved.

Command Line: elfcheck -hw ../../hw_platform_0/system.xml -pe microblaze_0
test_AES_AXI.elf 

ELF file	: test_AES_AXI.elf
elfcheck passed.
'Finished building: test_AES_AXI.elf.elfcheck'
' '
19:58:17 **** Auto Build of project test_AES_AXI_bsp ****
make -k all 
'Finished building libraries'
19:59:44 **** Auto Build of configuration Debug for project test_AES_AXI ****
make all 
'Building file: ../src/helloworld.c'
'Invoking: MicroBlaze gcc compiler'
mb-gcc -Wall -O0 -g3 -c -fmessage-length=0 -I../../test_AES_AXI_bsp/microblaze_0/include -mlittle-endian -mxl-barrel-shift -mno-xl-soft-div -mcpu=v9.3 -mno-xl-soft-mul -mhard-float -Wl,--no-relax -ffunction-sections -fdata-sections -MMD -MP -MF"src/helloworld.d" -MT"src/helloworld.d" -o "src/helloworld.o" "../src/helloworld.c"
'Finished building: ../src/helloworld.c'
' '
'Building target: test_AES_AXI.elf'
'Invoking: MicroBlaze gcc linker'
mb-gcc -Wl,-T -Wl,../src/lscript.ld -L../../test_AES_AXI_bsp/microblaze_0/lib -mlittle-endian -mxl-barrel-shift -mno-xl-soft-div -mcpu=v9.3 -mno-xl-soft-mul -mhard-float -Wl,--no-relax -Wl,--gc-sections -o "test_AES_AXI.elf"  ./src/helloworld.o ./src/platform.o   -Wl,--start-group,-lxil,-lgcc,-lc,--end-group
'Finished building target: test_AES_AXI.elf'
' '
'Invoking: MicroBlaze Print Size'
mb-size test_AES_AXI.elf  |tee "test_AES_AXI.elf.size"
   text	   data	    bss	    dec	    hex	filename
  60468	   1484	   2152	  64104	   fa68	test_AES_AXI.elf
'Finished building: test_AES_AXI.elf.size'
' '
'Invoking: Xilinx ELF Check'
elfcheck test_AES_AXI.elf -hw ../../hw_platform_0/system.xml -pe microblaze_0  |tee "test_AES_AXI.elf.elfcheck"
elfcheck
Xilinx EDK 14.7 Build EDK_P.20131013
Copyright (c) 1995-2012 Xilinx, Inc.  All rights reserved.

Command Line: elfcheck -hw ../../hw_platform_0/system.xml -pe microblaze_0
test_AES_AXI.elf 

ELF file	: test_AES_AXI.elf
elfcheck passed.
'Finished building: test_AES_AXI.elf.elfcheck'
' '
20:00:04 **** Auto Build of project test_AES_AXI_bsp ****
make -k all 
'Finished building libraries'
20:01:08 **** Auto Build of configuration Debug for project test_AES_AXI ****
make all 
'Building file: ../src/helloworld.c'
'Invoking: MicroBlaze gcc compiler'
mb-gcc -Wall -O0 -g3 -c -fmessage-length=0 -I../../test_AES_AXI_bsp/microblaze_0/include -mlittle-endian -mxl-barrel-shift -mno-xl-soft-div -mcpu=v9.3 -mno-xl-soft-mul -mhard-float -Wl,--no-relax -ffunction-sections -fdata-sections -MMD -MP -MF"src/helloworld.d" -MT"src/helloworld.d" -o "src/helloworld.o" "../src/helloworld.c"
../src/helloworld.c: In function 'main':
../src/helloworld.c:73:6: warning: unused variable 'config' [-Wunused-variable]
../src/helloworld.c:72:6: warning: unused variable 'bo_3' [-Wunused-variable]
../src/helloworld.c:71:6: warning: unused variable 'bo_2' [-Wunused-variable]
../src/helloworld.c:70:6: warning: unused variable 'bo_1' [-Wunused-variable]
../src/helloworld.c:69:6: warning: unused variable 'bo_0' [-Wunused-variable]
'Finished building: ../src/helloworld.c'
' '
'Building target: test_AES_AXI.elf'
'Invoking: MicroBlaze gcc linker'
mb-gcc -Wl,-T -Wl,../src/lscript.ld -L../../test_AES_AXI_bsp/microblaze_0/lib -mlittle-endian -mxl-barrel-shift -mno-xl-soft-div -mcpu=v9.3 -mno-xl-soft-mul -mhard-float -Wl,--no-relax -Wl,--gc-sections -o "test_AES_AXI.elf"  ./src/helloworld.o ./src/platform.o   -Wl,--start-group,-lxil,-lgcc,-lc,--end-group
'Finished building target: test_AES_AXI.elf'
' '
'Invoking: MicroBlaze Print Size'
mb-size test_AES_AXI.elf  |tee "test_AES_AXI.elf.size"
   text	   data	    bss	    dec	    hex	filename
  60488	   1484	   2148	  64120	   fa78	test_AES_AXI.elf
'Finished building: test_AES_AXI.elf.size'
' '
'Invoking: Xilinx ELF Check'
elfcheck test_AES_AXI.elf -hw ../../hw_platform_0/system.xml -pe microblaze_0  |tee "test_AES_AXI.elf.elfcheck"
elfcheck
Xilinx EDK 14.7 Build EDK_P.20131013
Copyright (c) 1995-2012 Xilinx, Inc.  All rights reserved.

Command Line: elfcheck -hw ../../hw_platform_0/system.xml -pe microblaze_0
test_AES_AXI.elf 

ELF file	: test_AES_AXI.elf
elfcheck passed.
'Finished building: test_AES_AXI.elf.elfcheck'
' '
20:01:12 **** Auto Build of configuration Debug for project test_AES_AXI ****
make all 
'Building file: ../src/helloworld.c'
'Invoking: MicroBlaze gcc compiler'
mb-gcc -Wall -O0 -g3 -c -fmessage-length=0 -I../../test_AES_AXI_bsp/microblaze_0/include -mlittle-endian -mxl-barrel-shift -mno-xl-soft-div -mcpu=v9.3 -mno-xl-soft-mul -mhard-float -Wl,--no-relax -ffunction-sections -fdata-sections -MMD -MP -MF"src/helloworld.d" -MT"src/helloworld.d" -o "src/helloworld.o" "../src/helloworld.c"
../src/helloworld.c: In function 'main':
../src/helloworld.c:74:6: warning: unused variable 'config' [-Wunused-variable]
../src/helloworld.c:73:6: warning: unused variable 'bo_3' [-Wunused-variable]
../src/helloworld.c:72:6: warning: unused variable 'bo_2' [-Wunused-variable]
../src/helloworld.c:71:6: warning: unused variable 'bo_1' [-Wunused-variable]
../src/helloworld.c:70:6: warning: unused variable 'bo_0' [-Wunused-variable]
'Finished building: ../src/helloworld.c'
' '
'Building target: test_AES_AXI.elf'
'Invoking: MicroBlaze gcc linker'
mb-gcc -Wl,-T -Wl,../src/lscript.ld -L../../test_AES_AXI_bsp/microblaze_0/lib -mlittle-endian -mxl-barrel-shift -mno-xl-soft-div -mcpu=v9.3 -mno-xl-soft-mul -mhard-float -Wl,--no-relax -Wl,--gc-sections -o "test_AES_AXI.elf"  ./src/helloworld.o ./src/platform.o   -Wl,--start-group,-lxil,-lgcc,-lc,--end-group
'Finished building target: test_AES_AXI.elf'
' '
'Invoking: MicroBlaze Print Size'
mb-size test_AES_AXI.elf  |tee "test_AES_AXI.elf.size"
   text	   data	    bss	    dec	    hex	filename
  60488	   1484	   2148	  64120	   fa78	test_AES_AXI.elf
'Finished building: test_AES_AXI.elf.size'
' '
'Invoking: Xilinx ELF Check'
elfcheck test_AES_AXI.elf -hw ../../hw_platform_0/system.xml -pe microblaze_0  |tee "test_AES_AXI.elf.elfcheck"
elfcheck
Xilinx EDK 14.7 Build EDK_P.20131013
Copyright (c) 1995-2012 Xilinx, Inc.  All rights reserved.

Command Line: elfcheck -hw ../../hw_platform_0/system.xml -pe microblaze_0
test_AES_AXI.elf 

ELF file	: test_AES_AXI.elf
elfcheck passed.
'Finished building: test_AES_AXI.elf.elfcheck'
' '
20:01:30 **** Auto Build of project test_AES_AXI_bsp ****
make -k all 
'Finished building libraries'
20:02:53 **** Auto Build of configuration Debug for project test_AES_AXI ****
make all 
'Building file: ../src/helloworld.c'
'Invoking: MicroBlaze gcc compiler'
mb-gcc -Wall -O0 -g3 -c -fmessage-length=0 -I../../test_AES_AXI_bsp/microblaze_0/include -mlittle-endian -mxl-barrel-shift -mno-xl-soft-div -mcpu=v9.3 -mno-xl-soft-mul -mhard-float -Wl,--no-relax -ffunction-sections -fdata-sections -MMD -MP -MF"src/helloworld.d" -MT"src/helloworld.d" -o "src/helloworld.o" "../src/helloworld.c"
'Finished building: ../src/helloworld.c'
' '
'Building target: test_AES_AXI.elf'
'Invoking: MicroBlaze gcc linker'
mb-gcc -Wl,-T -Wl,../src/lscript.ld -L../../test_AES_AXI_bsp/microblaze_0/lib -mlittle-endian -mxl-barrel-shift -mno-xl-soft-div -mcpu=v9.3 -mno-xl-soft-mul -mhard-float -Wl,--no-relax -Wl,--gc-sections -o "test_AES_AXI.elf"  ./src/helloworld.o ./src/platform.o   -Wl,--start-group,-lxil,-lgcc,-lc,--end-group
'Finished building target: test_AES_AXI.elf'
' '
'Invoking: MicroBlaze Print Size'
mb-size test_AES_AXI.elf  |tee "test_AES_AXI.elf.size"
   text	   data	    bss	    dec	    hex	filename
  60524	   1484	   2152	  64160	   faa0	test_AES_AXI.elf
'Finished building: test_AES_AXI.elf.size'
' '
'Invoking: Xilinx ELF Check'
elfcheck test_AES_AXI.elf -hw ../../hw_platform_0/system.xml -pe microblaze_0  |tee "test_AES_AXI.elf.elfcheck"
elfcheck
Xilinx EDK 14.7 Build EDK_P.20131013
Copyright (c) 1995-2012 Xilinx, Inc.  All rights reserved.

Command Line: elfcheck -hw ../../hw_platform_0/system.xml -pe microblaze_0
test_AES_AXI.elf 

ELF file	: test_AES_AXI.elf
elfcheck passed.
'Finished building: test_AES_AXI.elf.elfcheck'
' '
20:03:13 **** Auto Build of project test_AES_AXI_bsp ****
make -k all 
'Finished building libraries'
20:05:43 **** Auto Build of configuration Debug for project test_AES_AXI ****
make all 
'Building file: ../src/helloworld.c'
'Invoking: MicroBlaze gcc compiler'
mb-gcc -Wall -O0 -g3 -c -fmessage-length=0 -I../../test_AES_AXI_bsp/microblaze_0/include -mlittle-endian -mxl-barrel-shift -mno-xl-soft-div -mcpu=v9.3 -mno-xl-soft-mul -mhard-float -Wl,--no-relax -ffunction-sections -fdata-sections -MMD -MP -MF"src/helloworld.d" -MT"src/helloworld.d" -o "src/helloworld.o" "../src/helloworld.c"
'Finished building: ../src/helloworld.c'
' '
'Building target: test_AES_AXI.elf'
'Invoking: MicroBlaze gcc linker'
mb-gcc -Wl,-T -Wl,../src/lscript.ld -L../../test_AES_AXI_bsp/microblaze_0/lib -mlittle-endian -mxl-barrel-shift -mno-xl-soft-div -mcpu=v9.3 -mno-xl-soft-mul -mhard-float -Wl,--no-relax -Wl,--gc-sections -o "test_AES_AXI.elf"  ./src/helloworld.o ./src/platform.o   -Wl,--start-group,-lxil,-lgcc,-lc,--end-group
'Finished building target: test_AES_AXI.elf'
' '
'Invoking: MicroBlaze Print Size'
mb-size test_AES_AXI.elf  |tee "test_AES_AXI.elf.size"
   text	   data	    bss	    dec	    hex	filename
  61408	   1484	   2148	  65040	   fe10	test_AES_AXI.elf
'Finished building: test_AES_AXI.elf.size'
' '
'Invoking: Xilinx ELF Check'
elfcheck test_AES_AXI.elf -hw ../../hw_platform_0/system.xml -pe microblaze_0  |tee "test_AES_AXI.elf.elfcheck"
elfcheck
Xilinx EDK 14.7 Build EDK_P.20131013
Copyright (c) 1995-2012 Xilinx, Inc.  All rights reserved.

Command Line: elfcheck -hw ../../hw_platform_0/system.xml -pe microblaze_0
test_AES_AXI.elf 

ELF file	: test_AES_AXI.elf
elfcheck passed.
'Finished building: test_AES_AXI.elf.elfcheck'
' '
20:06:00 **** Auto Build of project test_AES_AXI_bsp ****
make -k all 
'Finished building libraries'
20:10:58 **** Auto Build of configuration Debug for project test_AES_AXI ****
make all 
'Building file: ../src/helloworld.c'
'Invoking: MicroBlaze gcc compiler'
mb-gcc -Wall -O0 -g3 -c -fmessage-length=0 -I../../test_AES_AXI_bsp/microblaze_0/include -mlittle-endian -mxl-barrel-shift -mno-xl-soft-div -mcpu=v9.3 -mno-xl-soft-mul -mhard-float -Wl,--no-relax -ffunction-sections -fdata-sections -MMD -MP -MF"src/helloworld.d" -MT"src/helloworld.d" -o "src/helloworld.o" "../src/helloworld.c"
../src/helloworld.c: In function 'encripta':
../src/helloworld.c:141:5: warning: implicit declaration of function 'delay' [-Wimplicit-function-declaration]
'Finished building: ../src/helloworld.c'
' '
'Building target: test_AES_AXI.elf'
'Invoking: MicroBlaze gcc linker'
mb-gcc -Wl,-T -Wl,../src/lscript.ld -L../../test_AES_AXI_bsp/microblaze_0/lib -mlittle-endian -mxl-barrel-shift -mno-xl-soft-div -mcpu=v9.3 -mno-xl-soft-mul -mhard-float -Wl,--no-relax -Wl,--gc-sections -o "test_AES_AXI.elf"  ./src/helloworld.o ./src/platform.o   -Wl,--start-group,-lxil,-lgcc,-lc,--end-group
./src/helloworld.o: In function `encripta':
C:\Ublaze\Projeto_Caio\tutorial_ug940-AES_Crypto\test_AES_AXI\Debug/../src/helloworld.c:141: undefined reference to `delay'
collect2: ld returned 1 exit status
make: *** [test_AES_AXI.elf] Error 1
20:13:32 **** Auto Build of configuration Debug for project test_AES_AXI ****
make all 
'Building file: ../src/helloworld.c'
'Invoking: MicroBlaze gcc compiler'
mb-gcc -Wall -O0 -g3 -c -fmessage-length=0 -I../../test_AES_AXI_bsp/microblaze_0/include -mlittle-endian -mxl-barrel-shift -mno-xl-soft-div -mcpu=v9.3 -mno-xl-soft-mul -mhard-float -Wl,--no-relax -ffunction-sections -fdata-sections -MMD -MP -MF"src/helloworld.d" -MT"src/helloworld.d" -o "src/helloworld.o" "../src/helloworld.c"
'Finished building: ../src/helloworld.c'
' '
'Building target: test_AES_AXI.elf'
'Invoking: MicroBlaze gcc linker'
mb-gcc -Wl,-T -Wl,../src/lscript.ld -L../../test_AES_AXI_bsp/microblaze_0/lib -mlittle-endian -mxl-barrel-shift -mno-xl-soft-div -mcpu=v9.3 -mno-xl-soft-mul -mhard-float -Wl,--no-relax -Wl,--gc-sections -o "test_AES_AXI.elf"  ./src/helloworld.o ./src/platform.o   -Wl,--start-group,-lxil,-lgcc,-lc,--end-group
'Finished building target: test_AES_AXI.elf'
' '
'Invoking: MicroBlaze Print Size'
mb-size test_AES_AXI.elf  |tee "test_AES_AXI.elf.size"
   text	   data	    bss	    dec	    hex	filename
  62328	   1484	   2148	  65960	  101a8	test_AES_AXI.elf
'Finished building: test_AES_AXI.elf.size'
' '
'Invoking: Xilinx ELF Check'
elfcheck test_AES_AXI.elf -hw ../../hw_platform_0/system.xml -pe microblaze_0  |tee "test_AES_AXI.elf.elfcheck"
elfcheck
Xilinx EDK 14.7 Build EDK_P.20131013
Copyright (c) 1995-2012 Xilinx, Inc.  All rights reserved.

Command Line: elfcheck -hw ../../hw_platform_0/system.xml -pe microblaze_0
test_AES_AXI.elf 

ELF file	: test_AES_AXI.elf
elfcheck passed.
'Finished building: test_AES_AXI.elf.elfcheck'
' '
20:13:50 **** Auto Build of project test_AES_AXI_bsp ****
make -k all 
'Finished building libraries'
20:14:29 **** Auto Build of configuration Debug for project test_AES_AXI ****
make all 
'Building file: ../src/helloworld.c'
'Invoking: MicroBlaze gcc compiler'
mb-gcc -Wall -O0 -g3 -c -fmessage-length=0 -I../../test_AES_AXI_bsp/microblaze_0/include -mlittle-endian -mxl-barrel-shift -mno-xl-soft-div -mcpu=v9.3 -mno-xl-soft-mul -mhard-float -Wl,--no-relax -ffunction-sections -fdata-sections -MMD -MP -MF"src/helloworld.d" -MT"src/helloworld.d" -o "src/helloworld.o" "../src/helloworld.c"
'Finished building: ../src/helloworld.c'
' '
'Building target: test_AES_AXI.elf'
'Invoking: MicroBlaze gcc linker'
mb-gcc -Wl,-T -Wl,../src/lscript.ld -L../../test_AES_AXI_bsp/microblaze_0/lib -mlittle-endian -mxl-barrel-shift -mno-xl-soft-div -mcpu=v9.3 -mno-xl-soft-mul -mhard-float -Wl,--no-relax -Wl,--gc-sections -o "test_AES_AXI.elf"  ./src/helloworld.o ./src/platform.o   -Wl,--start-group,-lxil,-lgcc,-lc,--end-group
'Finished building target: test_AES_AXI.elf'
' '
'Invoking: MicroBlaze Print Size'
mb-size test_AES_AXI.elf  |tee "test_AES_AXI.elf.size"
   text	   data	    bss	    dec	    hex	filename
  62332	   1484	   2152	  65968	  101b0	test_AES_AXI.elf
'Finished building: test_AES_AXI.elf.size'
' '
'Invoking: Xilinx ELF Check'
elfcheck test_AES_AXI.elf -hw ../../hw_platform_0/system.xml -pe microblaze_0  |tee "test_AES_AXI.elf.elfcheck"
elfcheck
Xilinx EDK 14.7 Build EDK_P.20131013
Copyright (c) 1995-2012 Xilinx, Inc.  All rights reserved.

Command Line: elfcheck -hw ../../hw_platform_0/system.xml -pe microblaze_0
test_AES_AXI.elf 

ELF file	: test_AES_AXI.elf
elfcheck passed.
'Finished building: test_AES_AXI.elf.elfcheck'
' '
20:14:48 **** Auto Build of project test_AES_AXI_bsp ****
make -k all 
'Finished building libraries'
20:21:56 **** Auto Build of configuration Debug for project test_AES_AXI ****
make all 
'Building file: ../src/helloworld.c'
'Invoking: MicroBlaze gcc compiler'
mb-gcc -Wall -O0 -g3 -c -fmessage-length=0 -I../../test_AES_AXI_bsp/microblaze_0/include -mlittle-endian -mxl-barrel-shift -mno-xl-soft-div -mcpu=v9.3 -mno-xl-soft-mul -mhard-float -Wl,--no-relax -ffunction-sections -fdata-sections -MMD -MP -MF"src/helloworld.d" -MT"src/helloworld.d" -o "src/helloworld.o" "../src/helloworld.c"
'Finished building: ../src/helloworld.c'
' '
'Building target: test_AES_AXI.elf'
'Invoking: MicroBlaze gcc linker'
mb-gcc -Wl,-T -Wl,../src/lscript.ld -L../../test_AES_AXI_bsp/microblaze_0/lib -mlittle-endian -mxl-barrel-shift -mno-xl-soft-div -mcpu=v9.3 -mno-xl-soft-mul -mhard-float -Wl,--no-relax -Wl,--gc-sections -o "test_AES_AXI.elf"  ./src/helloworld.o ./src/platform.o   -Wl,--start-group,-lxil,-lgcc,-lc,--end-group
'Finished building target: test_AES_AXI.elf'
' '
'Invoking: MicroBlaze Print Size'
mb-size test_AES_AXI.elf  |tee "test_AES_AXI.elf.size"
   text	   data	    bss	    dec	    hex	filename
  62328	   1484	   2148	  65960	  101a8	test_AES_AXI.elf
'Finished building: test_AES_AXI.elf.size'
' '
'Invoking: Xilinx ELF Check'
elfcheck test_AES_AXI.elf -hw ../../hw_platform_0/system.xml -pe microblaze_0  |tee "test_AES_AXI.elf.elfcheck"
elfcheck
Xilinx EDK 14.7 Build EDK_P.20131013
Copyright (c) 1995-2012 Xilinx, Inc.  All rights reserved.

Command Line: elfcheck -hw ../../hw_platform_0/system.xml -pe microblaze_0
test_AES_AXI.elf 

ELF file	: test_AES_AXI.elf
elfcheck passed.
'Finished building: test_AES_AXI.elf.elfcheck'
' '
20:22:13 **** Auto Build of project test_AES_AXI_bsp ****
make -k all 
'Finished building libraries'
20:27:24 **** Auto Build of configuration Debug for project test_AES_AXI ****
make all 
'Building file: ../src/helloworld.c'
'Invoking: MicroBlaze gcc compiler'
mb-gcc -Wall -O0 -g3 -c -fmessage-length=0 -I../../test_AES_AXI_bsp/microblaze_0/include -mlittle-endian -mxl-barrel-shift -mno-xl-soft-div -mcpu=v9.3 -mno-xl-soft-mul -mhard-float -Wl,--no-relax -ffunction-sections -fdata-sections -MMD -MP -MF"src/helloworld.d" -MT"src/helloworld.d" -o "src/helloworld.o" "../src/helloworld.c"
'Finished building: ../src/helloworld.c'
' '
'Building target: test_AES_AXI.elf'
'Invoking: MicroBlaze gcc linker'
mb-gcc -Wl,-T -Wl,../src/lscript.ld -L../../test_AES_AXI_bsp/microblaze_0/lib -mlittle-endian -mxl-barrel-shift -mno-xl-soft-div -mcpu=v9.3 -mno-xl-soft-mul -mhard-float -Wl,--no-relax -Wl,--gc-sections -o "test_AES_AXI.elf"  ./src/helloworld.o ./src/platform.o   -Wl,--start-group,-lxil,-lgcc,-lc,--end-group
'Finished building target: test_AES_AXI.elf'
' '
'Invoking: MicroBlaze Print Size'
mb-size test_AES_AXI.elf  |tee "test_AES_AXI.elf.size"
   text	   data	    bss	    dec	    hex	filename
  62412	   1484	   2152	  66048	  10200	test_AES_AXI.elf
'Finished building: test_AES_AXI.elf.size'
' '
'Invoking: Xilinx ELF Check'
elfcheck test_AES_AXI.elf -hw ../../hw_platform_0/system.xml -pe microblaze_0  |tee "test_AES_AXI.elf.elfcheck"
elfcheck
Xilinx EDK 14.7 Build EDK_P.20131013
Copyright (c) 1995-2012 Xilinx, Inc.  All rights reserved.

Command Line: elfcheck -hw ../../hw_platform_0/system.xml -pe microblaze_0
test_AES_AXI.elf 

ELF file	: test_AES_AXI.elf
elfcheck passed.
'Finished building: test_AES_AXI.elf.elfcheck'
' '
20:27:42 **** Auto Build of project test_AES_AXI_bsp ****
make -k all 
'Finished building libraries'
20:32:10 **** Auto Build of configuration Debug for project test_AES_AXI ****
make all 
'Building file: ../src/helloworld.c'
'Invoking: MicroBlaze gcc compiler'
mb-gcc -Wall -O0 -g3 -c -fmessage-length=0 -I../../test_AES_AXI_bsp/microblaze_0/include -mlittle-endian -mxl-barrel-shift -mno-xl-soft-div -mcpu=v9.3 -mno-xl-soft-mul -mhard-float -Wl,--no-relax -ffunction-sections -fdata-sections -MMD -MP -MF"src/helloworld.d" -MT"src/helloworld.d" -o "src/helloworld.o" "../src/helloworld.c"
'Finished building: ../src/helloworld.c'
' '
'Building target: test_AES_AXI.elf'
'Invoking: MicroBlaze gcc linker'
mb-gcc -Wl,-T -Wl,../src/lscript.ld -L../../test_AES_AXI_bsp/microblaze_0/lib -mlittle-endian -mxl-barrel-shift -mno-xl-soft-div -mcpu=v9.3 -mno-xl-soft-mul -mhard-float -Wl,--no-relax -Wl,--gc-sections -o "test_AES_AXI.elf"  ./src/helloworld.o ./src/platform.o   -Wl,--start-group,-lxil,-lgcc,-lc,--end-group
'Finished building target: test_AES_AXI.elf'
' '
'Invoking: MicroBlaze Print Size'
mb-size test_AES_AXI.elf  |tee "test_AES_AXI.elf.size"
   text	   data	    bss	    dec	    hex	filename
  62468	   1484	   2152	  66104	  10238	test_AES_AXI.elf
'Finished building: test_AES_AXI.elf.size'
' '
'Invoking: Xilinx ELF Check'
elfcheck test_AES_AXI.elf -hw ../../hw_platform_0/system.xml -pe microblaze_0  |tee "test_AES_AXI.elf.elfcheck"
elfcheck
Xilinx EDK 14.7 Build EDK_P.20131013
Copyright (c) 1995-2012 Xilinx, Inc.  All rights reserved.

Command Line: elfcheck -hw ../../hw_platform_0/system.xml -pe microblaze_0
test_AES_AXI.elf 

ELF file	: test_AES_AXI.elf
elfcheck passed.
'Finished building: test_AES_AXI.elf.elfcheck'
' '
20:32:27 **** Auto Build of project test_AES_AXI_bsp ****
make -k all 
'Finished building libraries'
14:33:04 **** Auto Build of project test_AES_AXI_bsp ****
make -k all 
'Finished building libraries'
17:05:49 **** Build of project test_AES_AXI_bsp ****
make -k all 
cp -f microblaze_0/lib/libxil_init.a microblaze_0/lib/libxil.a
"Running Make include in microblaze_0/libsrc/bram_v3_03_a/src"
make -C microblaze_0/libsrc/bram_v3_03_a/src -s include -e "SHELL=CMD" "COMPILER=mb-gcc" "ARCHIVER=mb-ar" "COMPILER_FLAGS= -O2 -c -mcpu=v9.3 -mhard-float -mlittle-endian -mno-xl-soft-div -mno-xl-soft-mul -mxl-barrel-shift" "EXTRA_COMPILER_FLAGS=-g -ffunction-sections -fdata-sections"
"Running Make include in microblaze_0/libsrc/cpu_v1_15_a/src"
make -C microblaze_0/libsrc/cpu_v1_15_a/src -s include -e "SHELL=CMD" "COMPILER=mb-gcc" "ARCHIVER=mb-ar" "COMPILER_FLAGS= -O2 -c -mcpu=v9.3 -mhard-float -mlittle-endian -mno-xl-soft-div -mno-xl-soft-mul -mxl-barrel-shift" "EXTRA_COMPILER_FLAGS=-g -ffunction-sections -fdata-sections"
"Running Make include in microblaze_0/libsrc/intc_v2_06_a/src"
make -C microblaze_0/libsrc/intc_v2_06_a/src -s include -e "SHELL=CMD" "COMPILER=mb-gcc" "ARCHIVER=mb-ar" "COMPILER_FLAGS= -O2 -c -mcpu=v9.3 -mhard-float -mlittle-endian -mno-xl-soft-div -mno-xl-soft-mul -mxl-barrel-shift" "EXTRA_COMPILER_FLAGS=-g -ffunction-sections -fdata-sections"
"Running Make include in microblaze_0/libsrc/standalone_v3_11_a/src"
make -C microblaze_0/libsrc/standalone_v3_11_a/src -s include -e "SHELL=CMD" "COMPILER=mb-gcc" "ARCHIVER=mb-ar" "COMPILER_FLAGS= -O2 -c -mcpu=v9.3 -mhard-float -mlittle-endian -mno-xl-soft-div -mno-xl-soft-mul -mxl-barrel-shift" "EXTRA_COMPILER_FLAGS=-g -ffunction-sections -fdata-sections"
make[2]: Entering directory `C:/Ublaze/Projeto_Caio/tutorial_ug940-AES_Crypto/test_AES_AXI_bsp/microblaze_0/libsrc/standalone_v3_11_a/src/profile'
cp -rf profile.h mblaze_nt_types.h _profile_timer_hw.h ../../../../include
make[2]: Leaving directory `C:/Ublaze/Projeto_Caio/tutorial_ug940-AES_Crypto/test_AES_AXI_bsp/microblaze_0/libsrc/standalone_v3_11_a/src/profile'
"Running Make include in microblaze_0/libsrc/tmrctr_v2_05_a/src"
make -C microblaze_0/libsrc/tmrctr_v2_05_a/src -s include -e "SHELL=CMD" "COMPILER=mb-gcc" "ARCHIVER=mb-ar" "COMPILER_FLAGS= -O2 -c -mcpu=v9.3 -mhard-float -mlittle-endian -mno-xl-soft-div -mno-xl-soft-mul -mxl-barrel-shift" "EXTRA_COMPILER_FLAGS=-g -ffunction-sections -fdata-sections"
"Running Make include in microblaze_0/libsrc/uartlite_v2_01_a/src"
make -C microblaze_0/libsrc/uartlite_v2_01_a/src -s include -e "SHELL=CMD" "COMPILER=mb-gcc" "ARCHIVER=mb-ar" "COMPILER_FLAGS= -O2 -c -mcpu=v9.3 -mhard-float -mlittle-endian -mno-xl-soft-div -mno-xl-soft-mul -mxl-barrel-shift" "EXTRA_COMPILER_FLAGS=-g -ffunction-sections -fdata-sections"
"Running Make libs in microblaze_0/libsrc/bram_v3_03_a/src"
make -C microblaze_0/libsrc/bram_v3_03_a/src -s libs -e "SHELL=CMD" "COMPILER=mb-gcc" "ARCHIVER=mb-ar" "COMPILER_FLAGS= -O2 -c -mcpu=v9.3 -mhard-float -mlittle-endian -mno-xl-soft-div -mno-xl-soft-mul -mxl-barrel-shift" "EXTRA_COMPILER_FLAGS=-g -ffunction-sections -fdata-sections"
"Compiling bram"
make[2]: Entering directory `C:/Ublaze/Projeto_Caio/tutorial_ug940-AES_Crypto/test_AES_AXI_bsp/microblaze_0/libsrc/bram_v3_03_a/src'
rm -rf *.o 
make[2]: Leaving directory `C:/Ublaze/Projeto_Caio/tutorial_ug940-AES_Crypto/test_AES_AXI_bsp/microblaze_0/libsrc/bram_v3_03_a/src'
"Running Make libs in microblaze_0/libsrc/cpu_v1_15_a/src"
make -C microblaze_0/libsrc/cpu_v1_15_a/src -s libs -e "SHELL=CMD" "COMPILER=mb-gcc" "ARCHIVER=mb-ar" "COMPILER_FLAGS= -O2 -c -mcpu=v9.3 -mhard-float -mlittle-endian -mno-xl-soft-div -mno-xl-soft-mul -mxl-barrel-shift" "EXTRA_COMPILER_FLAGS=-g -ffunction-sections -fdata-sections"
"Compiling cpu"
make[2]: Entering directory `C:/Ublaze/Projeto_Caio/tutorial_ug940-AES_Crypto/test_AES_AXI_bsp/microblaze_0/libsrc/cpu_v1_15_a/src'
rm -rf *.o
make[2]: Leaving directory `C:/Ublaze/Projeto_Caio/tutorial_ug940-AES_Crypto/test_AES_AXI_bsp/microblaze_0/libsrc/cpu_v1_15_a/src'
"Running Make libs in microblaze_0/libsrc/intc_v2_06_a/src"
make -C microblaze_0/libsrc/intc_v2_06_a/src -s libs -e "SHELL=CMD" "COMPILER=mb-gcc" "ARCHIVER=mb-ar" "COMPILER_FLAGS= -O2 -c -mcpu=v9.3 -mhard-float -mlittle-endian -mno-xl-soft-div -mno-xl-soft-mul -mxl-barrel-shift" "EXTRA_COMPILER_FLAGS=-g -ffunction-sections -fdata-sections"
"Compiling intc"
make[2]: Entering directory `C:/Ublaze/Projeto_Caio/tutorial_ug940-AES_Crypto/test_AES_AXI_bsp/microblaze_0/libsrc/intc_v2_06_a/src'
rm -rf *.o 
make[2]: Leaving directory `C:/Ublaze/Projeto_Caio/tutorial_ug940-AES_Crypto/test_AES_AXI_bsp/microblaze_0/libsrc/intc_v2_06_a/src'
"Running Make libs in microblaze_0/libsrc/standalone_v3_11_a/src"
make -C microblaze_0/libsrc/standalone_v3_11_a/src -s libs -e "SHELL=CMD" "COMPILER=mb-gcc" "ARCHIVER=mb-ar" "COMPILER_FLAGS= -O2 -c -mcpu=v9.3 -mhard-float -mlittle-endian -mno-xl-soft-div -mno-xl-soft-mul -mxl-barrel-shift" "EXTRA_COMPILER_FLAGS=-g -ffunction-sections -fdata-sections"
"Compiling standalone";
"Running Make libs in microblaze_0/libsrc/tmrctr_v2_05_a/src"
make -C microblaze_0/libsrc/tmrctr_v2_05_a/src -s libs -e "SHELL=CMD" "COMPILER=mb-gcc" "ARCHIVER=mb-ar" "COMPILER_FLAGS= -O2 -c -mcpu=v9.3 -mhard-float -mlittle-endian -mno-xl-soft-div -mno-xl-soft-mul -mxl-barrel-shift" "EXTRA_COMPILER_FLAGS=-g -ffunction-sections -fdata-sections"
"Compiling tmrctr"
make[2]: Entering directory `C:/Ublaze/Projeto_Caio/tutorial_ug940-AES_Crypto/test_AES_AXI_bsp/microblaze_0/libsrc/tmrctr_v2_05_a/src'
rm -rf *.o 
make[2]: Leaving directory `C:/Ublaze/Projeto_Caio/tutorial_ug940-AES_Crypto/test_AES_AXI_bsp/microblaze_0/libsrc/tmrctr_v2_05_a/src'
"Running Make libs in microblaze_0/libsrc/uartlite_v2_01_a/src"
make -C microblaze_0/libsrc/uartlite_v2_01_a/src -s libs -e "SHELL=CMD" "COMPILER=mb-gcc" "ARCHIVER=mb-ar" "COMPILER_FLAGS= -O2 -c -mcpu=v9.3 -mhard-float -mlittle-endian -mno-xl-soft-div -mno-xl-soft-mul -mxl-barrel-shift" "EXTRA_COMPILER_FLAGS=-g -ffunction-sections -fdata-sections"
"Compiling uartlite"
make[2]: Entering directory `C:/Ublaze/Projeto_Caio/tutorial_ug940-AES_Crypto/test_AES_AXI_bsp/microblaze_0/libsrc/uartlite_v2_01_a/src'
rm -rf *.o 
make[2]: Leaving directory `C:/Ublaze/Projeto_Caio/tutorial_ug940-AES_Crypto/test_AES_AXI_bsp/microblaze_0/libsrc/uartlite_v2_01_a/src'
'Finished building libraries'
17:06:00 **** Build of configuration Debug for project test_AES_AXI ****
make all 
make: Nothing to be done for `all'.
17:06:23 **** Auto Build of project test_AES_AXI_bsp ****
make -k all 
"Running Make include in microblaze_0/libsrc/bram_v3_03_a/src"
make -C microblaze_0/libsrc/bram_v3_03_a/src -s include -e "SHELL=CMD" "COMPILER=mb-gcc" "ARCHIVER=mb-ar" "COMPILER_FLAGS= -O2 -c -mcpu=v9.3 -mhard-float -mlittle-endian -mno-xl-soft-div -mno-xl-soft-mul -mxl-barrel-shift" "EXTRA_COMPILER_FLAGS=-g -ffunction-sections -fdata-sections"
"Running Make include in microblaze_0/libsrc/cpu_v1_15_a/src"
make -C microblaze_0/libsrc/cpu_v1_15_a/src -s include -e "SHELL=CMD" "COMPILER=mb-gcc" "ARCHIVER=mb-ar" "COMPILER_FLAGS= -O2 -c -mcpu=v9.3 -mhard-float -mlittle-endian -mno-xl-soft-div -mno-xl-soft-mul -mxl-barrel-shift" "EXTRA_COMPILER_FLAGS=-g -ffunction-sections -fdata-sections"
"Running Make include in microblaze_0/libsrc/intc_v2_06_a/src"
make -C microblaze_0/libsrc/intc_v2_06_a/src -s include -e "SHELL=CMD" "COMPILER=mb-gcc" "ARCHIVER=mb-ar" "COMPILER_FLAGS= -O2 -c -mcpu=v9.3 -mhard-float -mlittle-endian -mno-xl-soft-div -mno-xl-soft-mul -mxl-barrel-shift" "EXTRA_COMPILER_FLAGS=-g -ffunction-sections -fdata-sections"
"Running Make include in microblaze_0/libsrc/standalone_v3_11_a/src"
make -C microblaze_0/libsrc/standalone_v3_11_a/src -s include -e "SHELL=CMD" "COMPILER=mb-gcc" "ARCHIVER=mb-ar" "COMPILER_FLAGS= -O2 -c -mcpu=v9.3 -mhard-float -mlittle-endian -mno-xl-soft-div -mno-xl-soft-mul -mxl-barrel-shift" "EXTRA_COMPILER_FLAGS=-g -ffunction-sections -fdata-sections"
make[2]: Entering directory `C:/Ublaze/Projeto_Caio/tutorial_ug940-AES_Crypto/test_AES_AXI_bsp/microblaze_0/libsrc/standalone_v3_11_a/src/profile'
cp -rf profile.h mblaze_nt_types.h _profile_timer_hw.h ../../../../include
make[2]: Leaving directory `C:/Ublaze/Projeto_Caio/tutorial_ug940-AES_Crypto/test_AES_AXI_bsp/microblaze_0/libsrc/standalone_v3_11_a/src/profile'
"Running Make include in microblaze_0/libsrc/tmrctr_v2_05_a/src"
make -C microblaze_0/libsrc/tmrctr_v2_05_a/src -s include -e "SHELL=CMD" "COMPILER=mb-gcc" "ARCHIVER=mb-ar" "COMPILER_FLAGS= -O2 -c -mcpu=v9.3 -mhard-float -mlittle-endian -mno-xl-soft-div -mno-xl-soft-mul -mxl-barrel-shift" "EXTRA_COMPILER_FLAGS=-g -ffunction-sections -fdata-sections"
"Running Make include in microblaze_0/libsrc/uartlite_v2_01_a/src"
make -C microblaze_0/libsrc/uartlite_v2_01_a/src -s include -e "SHELL=CMD" "COMPILER=mb-gcc" "ARCHIVER=mb-ar" "COMPILER_FLAGS= -O2 -c -mcpu=v9.3 -mhard-float -mlittle-endian -mno-xl-soft-div -mno-xl-soft-mul -mxl-barrel-shift" "EXTRA_COMPILER_FLAGS=-g -ffunction-sections -fdata-sections"
"Running Make libs in microblaze_0/libsrc/bram_v3_03_a/src"
make -C microblaze_0/libsrc/bram_v3_03_a/src -s libs -e "SHELL=CMD" "COMPILER=mb-gcc" "ARCHIVER=mb-ar" "COMPILER_FLAGS= -O2 -c -mcpu=v9.3 -mhard-float -mlittle-endian -mno-xl-soft-div -mno-xl-soft-mul -mxl-barrel-shift" "EXTRA_COMPILER_FLAGS=-g -ffunction-sections -fdata-sections"
"Compiling bram"
make[2]: Entering directory `C:/Ublaze/Projeto_Caio/tutorial_ug940-AES_Crypto/test_AES_AXI_bsp/microblaze_0/libsrc/bram_v3_03_a/src'
rm -rf *.o 
make[2]: Leaving directory `C:/Ublaze/Projeto_Caio/tutorial_ug940-AES_Crypto/test_AES_AXI_bsp/microblaze_0/libsrc/bram_v3_03_a/src'
"Running Make libs in microblaze_0/libsrc/cpu_v1_15_a/src"
make -C microblaze_0/libsrc/cpu_v1_15_a/src -s libs -e "SHELL=CMD" "COMPILER=mb-gcc" "ARCHIVER=mb-ar" "COMPILER_FLAGS= -O2 -c -mcpu=v9.3 -mhard-float -mlittle-endian -mno-xl-soft-div -mno-xl-soft-mul -mxl-barrel-shift" "EXTRA_COMPILER_FLAGS=-g -ffunction-sections -fdata-sections"
"Compiling cpu"
make[2]: Entering directory `C:/Ublaze/Projeto_Caio/tutorial_ug940-AES_Crypto/test_AES_AXI_bsp/microblaze_0/libsrc/cpu_v1_15_a/src'
rm -rf *.o
make[2]: Leaving directory `C:/Ublaze/Projeto_Caio/tutorial_ug940-AES_Crypto/test_AES_AXI_bsp/microblaze_0/libsrc/cpu_v1_15_a/src'
"Running Make libs in microblaze_0/libsrc/intc_v2_06_a/src"
make -C microblaze_0/libsrc/intc_v2_06_a/src -s libs -e "SHELL=CMD" "COMPILER=mb-gcc" "ARCHIVER=mb-ar" "COMPILER_FLAGS= -O2 -c -mcpu=v9.3 -mhard-float -mlittle-endian -mno-xl-soft-div -mno-xl-soft-mul -mxl-barrel-shift" "EXTRA_COMPILER_FLAGS=-g -ffunction-sections -fdata-sections"
"Compiling intc"
make[2]: Entering directory `C:/Ublaze/Projeto_Caio/tutorial_ug940-AES_Crypto/test_AES_AXI_bsp/microblaze_0/libsrc/intc_v2_06_a/src'
rm -rf *.o 
make[2]: Leaving directory `C:/Ublaze/Projeto_Caio/tutorial_ug940-AES_Crypto/test_AES_AXI_bsp/microblaze_0/libsrc/intc_v2_06_a/src'
"Running Make libs in microblaze_0/libsrc/standalone_v3_11_a/src"
make -C microblaze_0/libsrc/standalone_v3_11_a/src -s libs -e "SHELL=CMD" "COMPILER=mb-gcc" "ARCHIVER=mb-ar" "COMPILER_FLAGS= -O2 -c -mcpu=v9.3 -mhard-float -mlittle-endian -mno-xl-soft-div -mno-xl-soft-mul -mxl-barrel-shift" "EXTRA_COMPILER_FLAGS=-g -ffunction-sections -fdata-sections"
"Compiling standalone";
"Running Make libs in microblaze_0/libsrc/tmrctr_v2_05_a/src"
make -C microblaze_0/libsrc/tmrctr_v2_05_a/src -s libs -e "SHELL=CMD" "COMPILER=mb-gcc" "ARCHIVER=mb-ar" "COMPILER_FLAGS= -O2 -c -mcpu=v9.3 -mhard-float -mlittle-endian -mno-xl-soft-div -mno-xl-soft-mul -mxl-barrel-shift" "EXTRA_COMPILER_FLAGS=-g -ffunction-sections -fdata-sections"
"Compiling tmrctr"
make[2]: Entering directory `C:/Ublaze/Projeto_Caio/tutorial_ug940-AES_Crypto/test_AES_AXI_bsp/microblaze_0/libsrc/tmrctr_v2_05_a/src'
rm -rf *.o 
make[2]: Leaving directory `C:/Ublaze/Projeto_Caio/tutorial_ug940-AES_Crypto/test_AES_AXI_bsp/microblaze_0/libsrc/tmrctr_v2_05_a/src'
"Running Make libs in microblaze_0/libsrc/uartlite_v2_01_a/src"
make -C microblaze_0/libsrc/uartlite_v2_01_a/src -s libs -e "SHELL=CMD" "COMPILER=mb-gcc" "ARCHIVER=mb-ar" "COMPILER_FLAGS= -O2 -c -mcpu=v9.3 -mhard-float -mlittle-endian -mno-xl-soft-div -mno-xl-soft-mul -mxl-barrel-shift" "EXTRA_COMPILER_FLAGS=-g -ffunction-sections -fdata-sections"
"Compiling uartlite"
make[2]: Entering directory `C:/Ublaze/Projeto_Caio/tutorial_ug940-AES_Crypto/test_AES_AXI_bsp/microblaze_0/libsrc/uartlite_v2_01_a/src'
rm -rf *.o 
make[2]: Leaving directory `C:/Ublaze/Projeto_Caio/tutorial_ug940-AES_Crypto/test_AES_AXI_bsp/microblaze_0/libsrc/uartlite_v2_01_a/src'
'Finished building libraries'
17:06:32 **** Auto Build of configuration Debug for project test_AES_AXI ****
make all 
make: Nothing to be done for `all'.
18:29:13 **** Auto Build of project test_AES_AXI_bsp ****
make -k all 
"Running Make include in microblaze_0/libsrc/bram_v3_03_a/src"
make -C microblaze_0/libsrc/bram_v3_03_a/src -s include -e "SHELL=CMD" "COMPILER=mb-gcc" "ARCHIVER=mb-ar" "COMPILER_FLAGS= -O2 -c -mcpu=v9.3 -mhard-float -mlittle-endian -mno-xl-soft-div -mno-xl-soft-mul -mxl-barrel-shift" "EXTRA_COMPILER_FLAGS=-g -ffunction-sections -fdata-sections"
"Running Make include in microblaze_0/libsrc/cpu_v1_15_a/src"
make -C microblaze_0/libsrc/cpu_v1_15_a/src -s include -e "SHELL=CMD" "COMPILER=mb-gcc" "ARCHIVER=mb-ar" "COMPILER_FLAGS= -O2 -c -mcpu=v9.3 -mhard-float -mlittle-endian -mno-xl-soft-div -mno-xl-soft-mul -mxl-barrel-shift" "EXTRA_COMPILER_FLAGS=-g -ffunction-sections -fdata-sections"
"Running Make include in microblaze_0/libsrc/intc_v2_06_a/src"
make -C microblaze_0/libsrc/intc_v2_06_a/src -s include -e "SHELL=CMD" "COMPILER=mb-gcc" "ARCHIVER=mb-ar" "COMPILER_FLAGS= -O2 -c -mcpu=v9.3 -mhard-float -mlittle-endian -mno-xl-soft-div -mno-xl-soft-mul -mxl-barrel-shift" "EXTRA_COMPILER_FLAGS=-g -ffunction-sections -fdata-sections"
"Running Make include in microblaze_0/libsrc/standalone_v3_11_a/src"
make -C microblaze_0/libsrc/standalone_v3_11_a/src -s include -e "SHELL=CMD" "COMPILER=mb-gcc" "ARCHIVER=mb-ar" "COMPILER_FLAGS= -O2 -c -mcpu=v9.3 -mhard-float -mlittle-endian -mno-xl-soft-div -mno-xl-soft-mul -mxl-barrel-shift" "EXTRA_COMPILER_FLAGS=-g -ffunction-sections -fdata-sections"
make[2]: Entering directory `C:/Projetos_git/repo/vivado_projects/tutorial_ug940-AES_Crypto/test_AES_AXI_bsp/microblaze_0/libsrc/standalone_v3_11_a/src/profile'
cp -rf profile.h mblaze_nt_types.h _profile_timer_hw.h ../../../../include
make[2]: Leaving directory `C:/Projetos_git/repo/vivado_projects/tutorial_ug940-AES_Crypto/test_AES_AXI_bsp/microblaze_0/libsrc/standalone_v3_11_a/src/profile'
"Running Make include in microblaze_0/libsrc/tmrctr_v2_05_a/src"
make -C microblaze_0/libsrc/tmrctr_v2_05_a/src -s include -e "SHELL=CMD" "COMPILER=mb-gcc" "ARCHIVER=mb-ar" "COMPILER_FLAGS= -O2 -c -mcpu=v9.3 -mhard-float -mlittle-endian -mno-xl-soft-div -mno-xl-soft-mul -mxl-barrel-shift" "EXTRA_COMPILER_FLAGS=-g -ffunction-sections -fdata-sections"
"Running Make include in microblaze_0/libsrc/uartlite_v2_01_a/src"
make -C microblaze_0/libsrc/uartlite_v2_01_a/src -s include -e "SHELL=CMD" "COMPILER=mb-gcc" "ARCHIVER=mb-ar" "COMPILER_FLAGS= -O2 -c -mcpu=v9.3 -mhard-float -mlittle-endian -mno-xl-soft-div -mno-xl-soft-mul -mxl-barrel-shift" "EXTRA_COMPILER_FLAGS=-g -ffunction-sections -fdata-sections"
"Running Make libs in microblaze_0/libsrc/bram_v3_03_a/src"
make -C microblaze_0/libsrc/bram_v3_03_a/src -s libs -e "SHELL=CMD" "COMPILER=mb-gcc" "ARCHIVER=mb-ar" "COMPILER_FLAGS= -O2 -c -mcpu=v9.3 -mhard-float -mlittle-endian -mno-xl-soft-div -mno-xl-soft-mul -mxl-barrel-shift" "EXTRA_COMPILER_FLAGS=-g -ffunction-sections -fdata-sections"
"Compiling bram"
make[2]: Entering directory `C:/Projetos_git/repo/vivado_projects/tutorial_ug940-AES_Crypto/test_AES_AXI_bsp/microblaze_0/libsrc/bram_v3_03_a/src'
rm -rf *.o 
make[2]: Leaving directory `C:/Projetos_git/repo/vivado_projects/tutorial_ug940-AES_Crypto/test_AES_AXI_bsp/microblaze_0/libsrc/bram_v3_03_a/src'
"Running Make libs in microblaze_0/libsrc/cpu_v1_15_a/src"
make -C microblaze_0/libsrc/cpu_v1_15_a/src -s libs -e "SHELL=CMD" "COMPILER=mb-gcc" "ARCHIVER=mb-ar" "COMPILER_FLAGS= -O2 -c -mcpu=v9.3 -mhard-float -mlittle-endian -mno-xl-soft-div -mno-xl-soft-mul -mxl-barrel-shift" "EXTRA_COMPILER_FLAGS=-g -ffunction-sections -fdata-sections"
"Compiling cpu"
make[2]: Entering directory `C:/Projetos_git/repo/vivado_projects/tutorial_ug940-AES_Crypto/test_AES_AXI_bsp/microblaze_0/libsrc/cpu_v1_15_a/src'
rm -rf *.o
make[2]: Leaving directory `C:/Projetos_git/repo/vivado_projects/tutorial_ug940-AES_Crypto/test_AES_AXI_bsp/microblaze_0/libsrc/cpu_v1_15_a/src'
"Running Make libs in microblaze_0/libsrc/intc_v2_06_a/src"
make -C microblaze_0/libsrc/intc_v2_06_a/src -s libs -e "SHELL=CMD" "COMPILER=mb-gcc" "ARCHIVER=mb-ar" "COMPILER_FLAGS= -O2 -c -mcpu=v9.3 -mhard-float -mlittle-endian -mno-xl-soft-div -mno-xl-soft-mul -mxl-barrel-shift" "EXTRA_COMPILER_FLAGS=-g -ffunction-sections -fdata-sections"
"Compiling intc"
make[2]: Entering directory `C:/Projetos_git/repo/vivado_projects/tutorial_ug940-AES_Crypto/test_AES_AXI_bsp/microblaze_0/libsrc/intc_v2_06_a/src'
rm -rf *.o 
make[2]: Leaving directory `C:/Projetos_git/repo/vivado_projects/tutorial_ug940-AES_Crypto/test_AES_AXI_bsp/microblaze_0/libsrc/intc_v2_06_a/src'
"Running Make libs in microblaze_0/libsrc/standalone_v3_11_a/src"
make -C microblaze_0/libsrc/standalone_v3_11_a/src -s libs -e "SHELL=CMD" "COMPILER=mb-gcc" "ARCHIVER=mb-ar" "COMPILER_FLAGS= -O2 -c -mcpu=v9.3 -mhard-float -mlittle-endian -mno-xl-soft-div -mno-xl-soft-mul -mxl-barrel-shift" "EXTRA_COMPILER_FLAGS=-g -ffunction-sections -fdata-sections"
"Compiling standalone";
"Running Make libs in microblaze_0/libsrc/tmrctr_v2_05_a/src"
make -C microblaze_0/libsrc/tmrctr_v2_05_a/src -s libs -e "SHELL=CMD" "COMPILER=mb-gcc" "ARCHIVER=mb-ar" "COMPILER_FLAGS= -O2 -c -mcpu=v9.3 -mhard-float -mlittle-endian -mno-xl-soft-div -mno-xl-soft-mul -mxl-barrel-shift" "EXTRA_COMPILER_FLAGS=-g -ffunction-sections -fdata-sections"
"Compiling tmrctr"
make[2]: Entering directory `C:/Projetos_git/repo/vivado_projects/tutorial_ug940-AES_Crypto/test_AES_AXI_bsp/microblaze_0/libsrc/tmrctr_v2_05_a/src'
rm -rf *.o 
make[2]: Leaving directory `C:/Projetos_git/repo/vivado_projects/tutorial_ug940-AES_Crypto/test_AES_AXI_bsp/microblaze_0/libsrc/tmrctr_v2_05_a/src'
"Running Make libs in microblaze_0/libsrc/uartlite_v2_01_a/src"
make -C microblaze_0/libsrc/uartlite_v2_01_a/src -s libs -e "SHELL=CMD" "COMPILER=mb-gcc" "ARCHIVER=mb-ar" "COMPILER_FLAGS= -O2 -c -mcpu=v9.3 -mhard-float -mlittle-endian -mno-xl-soft-div -mno-xl-soft-mul -mxl-barrel-shift" "EXTRA_COMPILER_FLAGS=-g -ffunction-sections -fdata-sections"
"Compiling uartlite"
make[2]: Entering directory `C:/Projetos_git/repo/vivado_projects/tutorial_ug940-AES_Crypto/test_AES_AXI_bsp/microblaze_0/libsrc/uartlite_v2_01_a/src'
rm -rf *.o 
make[2]: Leaving directory `C:/Projetos_git/repo/vivado_projects/tutorial_ug940-AES_Crypto/test_AES_AXI_bsp/microblaze_0/libsrc/uartlite_v2_01_a/src'
'Finished building libraries'
18:29:23 **** Auto Build of configuration Debug for project test_AES_AXI ****
make all 
make: Nothing to be done for `all'.
16:32:35 **** Auto Build of project test_AES_AXI_bsp ****
make -k all 
"Running Make include in microblaze_0/libsrc/bram_v3_03_a/src"
make -C microblaze_0/libsrc/bram_v3_03_a/src -s include -e "SHELL=CMD" "COMPILER=mb-gcc" "ARCHIVER=mb-ar" "COMPILER_FLAGS= -O2 -c -mcpu=v9.3 -mhard-float -mlittle-endian -mno-xl-soft-div -mno-xl-soft-mul -mxl-barrel-shift" "EXTRA_COMPILER_FLAGS=-g -ffunction-sections -fdata-sections"
"Running Make include in microblaze_0/libsrc/cpu_v1_15_a/src"
make -C microblaze_0/libsrc/cpu_v1_15_a/src -s include -e "SHELL=CMD" "COMPILER=mb-gcc" "ARCHIVER=mb-ar" "COMPILER_FLAGS= -O2 -c -mcpu=v9.3 -mhard-float -mlittle-endian -mno-xl-soft-div -mno-xl-soft-mul -mxl-barrel-shift" "EXTRA_COMPILER_FLAGS=-g -ffunction-sections -fdata-sections"
"Running Make include in microblaze_0/libsrc/intc_v2_06_a/src"
make -C microblaze_0/libsrc/intc_v2_06_a/src -s include -e "SHELL=CMD" "COMPILER=mb-gcc" "ARCHIVER=mb-ar" "COMPILER_FLAGS= -O2 -c -mcpu=v9.3 -mhard-float -mlittle-endian -mno-xl-soft-div -mno-xl-soft-mul -mxl-barrel-shift" "EXTRA_COMPILER_FLAGS=-g -ffunction-sections -fdata-sections"
"Running Make include in microblaze_0/libsrc/standalone_v3_11_a/src"
make -C microblaze_0/libsrc/standalone_v3_11_a/src -s include -e "SHELL=CMD" "COMPILER=mb-gcc" "ARCHIVER=mb-ar" "COMPILER_FLAGS= -O2 -c -mcpu=v9.3 -mhard-float -mlittle-endian -mno-xl-soft-div -mno-xl-soft-mul -mxl-barrel-shift" "EXTRA_COMPILER_FLAGS=-g -ffunction-sections -fdata-sections"
make[2]: Entering directory `C:/Projetos_git/repo/vivado_projects/tutorial_ug940-AES_Crypto/test_AES_AXI_bsp/microblaze_0/libsrc/standalone_v3_11_a/src/profile'
cp -rf profile.h mblaze_nt_types.h _profile_timer_hw.h ../../../../include
make[2]: Leaving directory `C:/Projetos_git/repo/vivado_projects/tutorial_ug940-AES_Crypto/test_AES_AXI_bsp/microblaze_0/libsrc/standalone_v3_11_a/src/profile'
"Running Make include in microblaze_0/libsrc/tmrctr_v2_05_a/src"
make -C microblaze_0/libsrc/tmrctr_v2_05_a/src -s include -e "SHELL=CMD" "COMPILER=mb-gcc" "ARCHIVER=mb-ar" "COMPILER_FLAGS= -O2 -c -mcpu=v9.3 -mhard-float -mlittle-endian -mno-xl-soft-div -mno-xl-soft-mul -mxl-barrel-shift" "EXTRA_COMPILER_FLAGS=-g -ffunction-sections -fdata-sections"
"Running Make include in microblaze_0/libsrc/uartlite_v2_01_a/src"
make -C microblaze_0/libsrc/uartlite_v2_01_a/src -s include -e "SHELL=CMD" "COMPILER=mb-gcc" "ARCHIVER=mb-ar" "COMPILER_FLAGS= -O2 -c -mcpu=v9.3 -mhard-float -mlittle-endian -mno-xl-soft-div -mno-xl-soft-mul -mxl-barrel-shift" "EXTRA_COMPILER_FLAGS=-g -ffunction-sections -fdata-sections"
"Running Make libs in microblaze_0/libsrc/bram_v3_03_a/src"
make -C microblaze_0/libsrc/bram_v3_03_a/src -s libs -e "SHELL=CMD" "COMPILER=mb-gcc" "ARCHIVER=mb-ar" "COMPILER_FLAGS= -O2 -c -mcpu=v9.3 -mhard-float -mlittle-endian -mno-xl-soft-div -mno-xl-soft-mul -mxl-barrel-shift" "EXTRA_COMPILER_FLAGS=-g -ffunction-sections -fdata-sections"
"Compiling bram"
make[2]: Entering directory `C:/Projetos_git/repo/vivado_projects/tutorial_ug940-AES_Crypto/test_AES_AXI_bsp/microblaze_0/libsrc/bram_v3_03_a/src'
rm -rf *.o 
make[2]: Leaving directory `C:/Projetos_git/repo/vivado_projects/tutorial_ug940-AES_Crypto/test_AES_AXI_bsp/microblaze_0/libsrc/bram_v3_03_a/src'
"Running Make libs in microblaze_0/libsrc/cpu_v1_15_a/src"
make -C microblaze_0/libsrc/cpu_v1_15_a/src -s libs -e "SHELL=CMD" "COMPILER=mb-gcc" "ARCHIVER=mb-ar" "COMPILER_FLAGS= -O2 -c -mcpu=v9.3 -mhard-float -mlittle-endian -mno-xl-soft-div -mno-xl-soft-mul -mxl-barrel-shift" "EXTRA_COMPILER_FLAGS=-g -ffunction-sections -fdata-sections"
"Compiling cpu"
make[2]: Entering directory `C:/Projetos_git/repo/vivado_projects/tutorial_ug940-AES_Crypto/test_AES_AXI_bsp/microblaze_0/libsrc/cpu_v1_15_a/src'
rm -rf *.o
make[2]: Leaving directory `C:/Projetos_git/repo/vivado_projects/tutorial_ug940-AES_Crypto/test_AES_AXI_bsp/microblaze_0/libsrc/cpu_v1_15_a/src'
"Running Make libs in microblaze_0/libsrc/intc_v2_06_a/src"
make -C microblaze_0/libsrc/intc_v2_06_a/src -s libs -e "SHELL=CMD" "COMPILER=mb-gcc" "ARCHIVER=mb-ar" "COMPILER_FLAGS= -O2 -c -mcpu=v9.3 -mhard-float -mlittle-endian -mno-xl-soft-div -mno-xl-soft-mul -mxl-barrel-shift" "EXTRA_COMPILER_FLAGS=-g -ffunction-sections -fdata-sections"
"Compiling intc"
make[2]: Entering directory `C:/Projetos_git/repo/vivado_projects/tutorial_ug940-AES_Crypto/test_AES_AXI_bsp/microblaze_0/libsrc/intc_v2_06_a/src'
rm -rf *.o 
make[2]: Leaving directory `C:/Projetos_git/repo/vivado_projects/tutorial_ug940-AES_Crypto/test_AES_AXI_bsp/microblaze_0/libsrc/intc_v2_06_a/src'
"Running Make libs in microblaze_0/libsrc/standalone_v3_11_a/src"
make -C microblaze_0/libsrc/standalone_v3_11_a/src -s libs -e "SHELL=CMD" "COMPILER=mb-gcc" "ARCHIVER=mb-ar" "COMPILER_FLAGS= -O2 -c -mcpu=v9.3 -mhard-float -mlittle-endian -mno-xl-soft-div -mno-xl-soft-mul -mxl-barrel-shift" "EXTRA_COMPILER_FLAGS=-g -ffunction-sections -fdata-sections"
"Compiling standalone";
"Running Make libs in microblaze_0/libsrc/tmrctr_v2_05_a/src"
make -C microblaze_0/libsrc/tmrctr_v2_05_a/src -s libs -e "SHELL=CMD" "COMPILER=mb-gcc" "ARCHIVER=mb-ar" "COMPILER_FLAGS= -O2 -c -mcpu=v9.3 -mhard-float -mlittle-endian -mno-xl-soft-div -mno-xl-soft-mul -mxl-barrel-shift" "EXTRA_COMPILER_FLAGS=-g -ffunction-sections -fdata-sections"
"Compiling tmrctr"
make[2]: Entering directory `C:/Projetos_git/repo/vivado_projects/tutorial_ug940-AES_Crypto/test_AES_AXI_bsp/microblaze_0/libsrc/tmrctr_v2_05_a/src'
rm -rf *.o 
make[2]: Leaving directory `C:/Projetos_git/repo/vivado_projects/tutorial_ug940-AES_Crypto/test_AES_AXI_bsp/microblaze_0/libsrc/tmrctr_v2_05_a/src'
"Running Make libs in microblaze_0/libsrc/uartlite_v2_01_a/src"
make -C microblaze_0/libsrc/uartlite_v2_01_a/src -s libs -e "SHELL=CMD" "COMPILER=mb-gcc" "ARCHIVER=mb-ar" "COMPILER_FLAGS= -O2 -c -mcpu=v9.3 -mhard-float -mlittle-endian -mno-xl-soft-div -mno-xl-soft-mul -mxl-barrel-shift" "EXTRA_COMPILER_FLAGS=-g -ffunction-sections -fdata-sections"
"Compiling uartlite"
make[2]: Entering directory `C:/Projetos_git/repo/vivado_projects/tutorial_ug940-AES_Crypto/test_AES_AXI_bsp/microblaze_0/libsrc/uartlite_v2_01_a/src'
rm -rf *.o 
make[2]: Leaving directory `C:/Projetos_git/repo/vivado_projects/tutorial_ug940-AES_Crypto/test_AES_AXI_bsp/microblaze_0/libsrc/uartlite_v2_01_a/src'
'Finished building libraries'
16:32:42 **** Auto Build of configuration Debug for project test_AES_AXI ****
make all 
make: Nothing to be done for `all'.
